{"/Users/josemaria/Documents/GIT/hashed-polkadot-api/src/index.js": {"path":"/Users/josemaria/Documents/GIT/hashed-polkadot-api/src/index.js","statementMap":{"0":{"start":{"line":1,"column":20},"end":{"line":1,"column":55}},"1":{"start":{"line":2,"column":42},"end":{"line":2,"column":82}},"2":{"start":{"line":5,"column":4},"end":{"line":5,"column":33}},"3":{"start":{"line":8,"column":0},"end":{"line":8,"column":12}},"4":{"start":{"line":10,"column":0},"end":{"line":12,"column":1}}},"fnMap":{"0":{"name":"testMethod","decl":{"start":{"line":4,"column":9},"end":{"line":4,"column":19}},"loc":{"start":{"line":4,"column":23},"end":{"line":6,"column":1}},"line":4}},"branchMap":{},"s":{"0":1,"1":1,"2":2,"3":1,"4":1},"f":{"0":2},"b":{},"_coverageSchema":"1a1c01bbd47fc00a2c39e90264f33305004495a9","hash":"c432ca0eff25b7233bd4e9230fa23a1a766a3fab"}
,"/Users/josemaria/Documents/GIT/hashed-polkadot-api/src/model/basePolkadotApi.js": {"path":"/Users/josemaria/Documents/GIT/hashed-polkadot-api/src/model/basePolkadotApi.js","statementMap":{"0":{"start":{"line":8,"column":4},"end":{"line":8,"column":34}},"1":{"start":{"line":9,"column":4},"end":{"line":9,"column":32}},"2":{"start":{"line":10,"column":4},"end":{"line":10,"column":24}},"3":{"start":{"line":22,"column":4},"end":{"line":22,"column":48}},"4":{"start":{"line":23,"column":4},"end":{"line":23,"column":40}},"5":{"start":{"line":26,"column":4},"end":{"line":36,"column":6}},"6":{"start":{"line":27,"column":6},"end":{"line":35,"column":7}},"7":{"start":{"line":28,"column":8},"end":{"line":32,"column":9}},"8":{"start":{"line":29,"column":10},"end":{"line":29,"column":168}},"9":{"start":{"line":29,"column":118},"end":{"line":29,"column":167}},"10":{"start":{"line":31,"column":10},"end":{"line":31,"column":159}},"11":{"start":{"line":31,"column":109},"end":{"line":31,"column":158}},"12":{"start":{"line":34,"column":8},"end":{"line":34,"column":17}},"13":{"start":{"line":48,"column":4},"end":{"line":48,"column":88}},"14":{"start":{"line":60,"column":4},"end":{"line":60,"column":91}},"15":{"start":{"line":72,"column":4},"end":{"line":72,"column":87}},"16":{"start":{"line":73,"column":4},"end":{"line":75,"column":5}},"17":{"start":{"line":74,"column":6},"end":{"line":74,"column":77}},"18":{"start":{"line":76,"column":4},"end":{"line":82,"column":5}},"19":{"start":{"line":77,"column":6},"end":{"line":81,"column":8}},"20":{"start":{"line":83,"column":4},"end":{"line":83,"column":84}},"21":{"start":{"line":95,"column":4},"end":{"line":99,"column":6}},"22":{"start":{"line":100,"column":36},"end":{"line":100,"column":37}},"23":{"start":{"line":101,"column":4},"end":{"line":101,"column":33}},"24":{"start":{"line":102,"column":4},"end":{"line":102,"column":33}},"25":{"start":{"line":103,"column":4},"end":{"line":141,"column":5}},"26":{"start":{"line":107,"column":6},"end":{"line":109,"column":8}},"27":{"start":{"line":108,"column":8},"end":{"line":108,"column":67}},"28":{"start":{"line":111,"column":6},"end":{"line":140,"column":8}},"29":{"start":{"line":111,"column":48},"end":{"line":111,"column":68}},"30":{"start":{"line":112,"column":8},"end":{"line":139,"column":9}},"31":{"start":{"line":114,"column":10},"end":{"line":114,"column":46}},"32":{"start":{"line":115,"column":34},"end":{"line":115,"column":38}},"33":{"start":{"line":118,"column":10},"end":{"line":118,"column":52}},"34":{"start":{"line":120,"column":10},"end":{"line":126,"column":11}},"35":{"start":{"line":121,"column":28},"end":{"line":121,"column":79}},"36":{"start":{"line":122,"column":12},"end":{"line":122,"column":60}},"37":{"start":{"line":125,"column":12},"end":{"line":125,"column":48}},"38":{"start":{"line":129,"column":10},"end":{"line":129,"column":37}},"39":{"start":{"line":130,"column":10},"end":{"line":130,"column":17}},"40":{"start":{"line":131,"column":10},"end":{"line":131,"column":50}},"41":{"start":{"line":133,"column":15},"end":{"line":139,"column":9}},"42":{"start":{"line":134,"column":10},"end":{"line":134,"column":47}},"43":{"start":{"line":135,"column":10},"end":{"line":135,"column":37}},"44":{"start":{"line":136,"column":10},"end":{"line":136,"column":17}},"45":{"start":{"line":137,"column":10},"end":{"line":137,"column":23}},"46":{"start":{"line":151,"column":4},"end":{"line":151,"column":42}},"47":{"start":{"line":162,"column":4},"end":{"line":162,"column":48}},"48":{"start":{"line":172,"column":4},"end":{"line":172,"column":59}},"49":{"start":{"line":183,"column":4},"end":{"line":183,"column":56}},"50":{"start":{"line":195,"column":4},"end":{"line":195,"column":69}},"51":{"start":{"line":204,"column":4},"end":{"line":213,"column":5}},"52":{"start":{"line":205,"column":6},"end":{"line":212,"column":8}},"53":{"start":{"line":207,"column":8},"end":{"line":211,"column":9}},"54":{"start":{"line":214,"column":4},"end":{"line":214,"column":20}},"55":{"start":{"line":219,"column":0},"end":{"line":219,"column":32}}},"fnMap":{"0":{"name":"(anonymous_0)","decl":{"start":{"line":7,"column":2},"end":{"line":7,"column":3}},"loc":{"start":{"line":7,"column":48},"end":{"line":11,"column":3}},"line":7},"1":{"name":"(anonymous_1)","decl":{"start":{"line":21,"column":2},"end":{"line":21,"column":3}},"loc":{"start":{"line":21,"column":47},"end":{"line":37,"column":3}},"line":21},"2":{"name":"(anonymous_2)","decl":{"start":{"line":26,"column":23},"end":{"line":26,"column":24}},"loc":{"start":{"line":26,"column":50},"end":{"line":36,"column":5}},"line":26},"3":{"name":"(anonymous_3)","decl":{"start":{"line":29,"column":111},"end":{"line":29,"column":112}},"loc":{"start":{"line":29,"column":118},"end":{"line":29,"column":167}},"line":29},"4":{"name":"(anonymous_4)","decl":{"start":{"line":31,"column":102},"end":{"line":31,"column":103}},"loc":{"start":{"line":31,"column":109},"end":{"line":31,"column":158}},"line":31},"5":{"name":"(anonymous_5)","decl":{"start":{"line":47,"column":2},"end":{"line":47,"column":3}},"loc":{"start":{"line":47,"column":48},"end":{"line":49,"column":3}},"line":47},"6":{"name":"(anonymous_6)","decl":{"start":{"line":59,"column":2},"end":{"line":59,"column":3}},"loc":{"start":{"line":59,"column":53},"end":{"line":61,"column":3}},"line":59},"7":{"name":"(anonymous_7)","decl":{"start":{"line":71,"column":2},"end":{"line":71,"column":3}},"loc":{"start":{"line":71,"column":67},"end":{"line":84,"column":3}},"line":71},"8":{"name":"(anonymous_8)","decl":{"start":{"line":94,"column":2},"end":{"line":94,"column":3}},"loc":{"start":{"line":94,"column":54},"end":{"line":142,"column":3}},"line":94},"9":{"name":"(anonymous_9)","decl":{"start":{"line":107,"column":21},"end":{"line":107,"column":22}},"loc":{"start":{"line":107,"column":70},"end":{"line":109,"column":7}},"line":107},"10":{"name":"(anonymous_10)","decl":{"start":{"line":111,"column":20},"end":{"line":111,"column":21}},"loc":{"start":{"line":111,"column":48},"end":{"line":111,"column":68}},"line":111},"11":{"name":"(anonymous_11)","decl":{"start":{"line":111,"column":78},"end":{"line":111,"column":79}},"loc":{"start":{"line":111,"column":111},"end":{"line":140,"column":7}},"line":111},"12":{"name":"(anonymous_12)","decl":{"start":{"line":150,"column":2},"end":{"line":150,"column":3}},"loc":{"start":{"line":150,"column":18},"end":{"line":152,"column":3}},"line":150},"13":{"name":"(anonymous_13)","decl":{"start":{"line":161,"column":2},"end":{"line":161,"column":3}},"loc":{"start":{"line":161,"column":24},"end":{"line":163,"column":3}},"line":161},"14":{"name":"(anonymous_14)","decl":{"start":{"line":171,"column":2},"end":{"line":171,"column":3}},"loc":{"start":{"line":171,"column":35},"end":{"line":173,"column":3}},"line":171},"15":{"name":"(anonymous_15)","decl":{"start":{"line":182,"column":2},"end":{"line":182,"column":3}},"loc":{"start":{"line":182,"column":38},"end":{"line":184,"column":3}},"line":182},"16":{"name":"(anonymous_16)","decl":{"start":{"line":194,"column":2},"end":{"line":194,"column":3}},"loc":{"start":{"line":194,"column":51},"end":{"line":196,"column":3}},"line":194},"17":{"name":"(anonymous_17)","decl":{"start":{"line":203,"column":2},"end":{"line":203,"column":3}},"loc":{"start":{"line":203,"column":23},"end":{"line":215,"column":3}},"line":203},"18":{"name":"(anonymous_18)","decl":{"start":{"line":205,"column":25},"end":{"line":205,"column":26}},"loc":{"start":{"line":205,"column":30},"end":{"line":212,"column":7}},"line":205}},"branchMap":{"0":{"loc":{"start":{"line":28,"column":8},"end":{"line":32,"column":9}},"type":"if","locations":[{"start":{"line":28,"column":8},"end":{"line":32,"column":9}},{"start":{"line":30,"column":15},"end":{"line":32,"column":9}}],"line":28},"1":{"loc":{"start":{"line":73,"column":4},"end":{"line":75,"column":5}},"type":"if","locations":[{"start":{"line":73,"column":4},"end":{"line":75,"column":5}},{"start":{},"end":{}}],"line":73},"2":{"loc":{"start":{"line":76,"column":4},"end":{"line":82,"column":5}},"type":"if","locations":[{"start":{"line":76,"column":4},"end":{"line":82,"column":5}},{"start":{},"end":{}}],"line":76},"3":{"loc":{"start":{"line":78,"column":18},"end":{"line":78,"column":43}},"type":"binary-expr","locations":[{"start":{"line":78,"column":18},"end":{"line":78,"column":37}},{"start":{"line":78,"column":41},"end":{"line":78,"column":43}}],"line":78},"4":{"loc":{"start":{"line":80,"column":18},"end":{"line":80,"column":45}},"type":"binary-expr","locations":[{"start":{"line":80,"column":18},"end":{"line":80,"column":37}},{"start":{"line":80,"column":41},"end":{"line":80,"column":45}}],"line":80},"5":{"loc":{"start":{"line":100,"column":12},"end":{"line":100,"column":23}},"type":"default-arg","locations":[{"start":{"line":100,"column":21},"end":{"line":100,"column":23}}],"line":100},"6":{"loc":{"start":{"line":103,"column":4},"end":{"line":141,"column":5}},"type":"if","locations":[{"start":{"line":103,"column":4},"end":{"line":141,"column":5}},{"start":{},"end":{}}],"line":103},"7":{"loc":{"start":{"line":103,"column":8},"end":{"line":103,"column":46}},"type":"binary-expr","locations":[{"start":{"line":103,"column":8},"end":{"line":103,"column":26}},{"start":{"line":103,"column":30},"end":{"line":103,"column":46}}],"line":103},"8":{"loc":{"start":{"line":112,"column":8},"end":{"line":139,"column":9}},"type":"if","locations":[{"start":{"line":112,"column":8},"end":{"line":139,"column":9}},{"start":{"line":133,"column":15},"end":{"line":139,"column":9}}],"line":112},"9":{"loc":{"start":{"line":120,"column":10},"end":{"line":126,"column":11}},"type":"if","locations":[{"start":{"line":120,"column":10},"end":{"line":126,"column":11}},{"start":{"line":123,"column":17},"end":{"line":126,"column":11}}],"line":120},"10":{"loc":{"start":{"line":133,"column":15},"end":{"line":139,"column":9}},"type":"if","locations":[{"start":{"line":133,"column":15},"end":{"line":139,"column":9}},{"start":{},"end":{}}],"line":133},"11":{"loc":{"start":{"line":204,"column":4},"end":{"line":213,"column":5}},"type":"if","locations":[{"start":{"line":204,"column":4},"end":{"line":213,"column":5}},{"start":{},"end":{}}],"line":204}},"s":{"0":0,"1":0,"2":0,"3":0,"4":0,"5":0,"6":0,"7":0,"8":0,"9":0,"10":0,"11":0,"12":0,"13":0,"14":0,"15":0,"16":0,"17":0,"18":0,"19":0,"20":0,"21":0,"22":0,"23":0,"24":0,"25":0,"26":0,"27":0,"28":0,"29":0,"30":0,"31":0,"32":0,"33":0,"34":0,"35":0,"36":0,"37":0,"38":0,"39":0,"40":0,"41":0,"42":0,"43":0,"44":0,"45":0,"46":0,"47":0,"48":0,"49":0,"50":0,"51":0,"52":0,"53":0,"54":0,"55":1},"f":{"0":0,"1":0,"2":0,"3":0,"4":0,"5":0,"6":0,"7":0,"8":0,"9":0,"10":0,"11":0,"12":0,"13":0,"14":0,"15":0,"16":0,"17":0,"18":0},"b":{"0":[0,0],"1":[0,0],"2":[0,0],"3":[0,0],"4":[0,0],"5":[0],"6":[0,0],"7":[0,0],"8":[0,0],"9":[0,0],"10":[0,0],"11":[0,0]},"_coverageSchema":"1a1c01bbd47fc00a2c39e90264f33305004495a9","hash":"8571ad16b2ae8cb786775b8a3682af048187bc2c"}
,"/Users/josemaria/Documents/GIT/hashed-polkadot-api/src/model/polkadotApi.js": {"path":"/Users/josemaria/Documents/GIT/hashed-polkadot-api/src/model/polkadotApi.js","statementMap":{"0":{"start":{"line":5,"column":4},"end":{"line":5,"column":39}},"1":{"start":{"line":6,"column":35},"end":{"line":6,"column":59}},"2":{"start":{"line":7,"column":41},"end":{"line":7,"column":69}},"3":{"start":{"line":8,"column":52},"end":{"line":8,"column":77}},"4":{"start":{"line":9,"column":28},"end":{"line":9,"column":60}},"5":{"start":{"line":13,"column":4},"end":{"line":13,"column":18}},"6":{"start":{"line":15,"column":4},"end":{"line":15,"column":64}},"7":{"start":{"line":16,"column":4},"end":{"line":16,"column":24}},"8":{"start":{"line":25,"column":4},"end":{"line":78,"column":5}},"9":{"start":{"line":27,"column":6},"end":{"line":27,"column":45}},"10":{"start":{"line":28,"column":23},"end":{"line":28,"column":47}},"11":{"start":{"line":31,"column":18},"end":{"line":31,"column":46}},"12":{"start":{"line":32,"column":6},"end":{"line":32,"column":20}},"13":{"start":{"line":33,"column":6},"end":{"line":33,"column":29}},"14":{"start":{"line":38,"column":6},"end":{"line":58,"column":8}},"15":{"start":{"line":39,"column":26},"end":{"line":39,"column":27}},"16":{"start":{"line":40,"column":8},"end":{"line":42,"column":10}},"17":{"start":{"line":41,"column":10},"end":{"line":41,"column":53}},"18":{"start":{"line":43,"column":8},"end":{"line":45,"column":10}},"19":{"start":{"line":44,"column":10},"end":{"line":44,"column":56}},"20":{"start":{"line":46,"column":8},"end":{"line":53,"column":10}},"21":{"start":{"line":47,"column":10},"end":{"line":47,"column":62}},"22":{"start":{"line":48,"column":10},"end":{"line":52,"column":11}},"23":{"start":{"line":49,"column":12},"end":{"line":49,"column":25}},"24":{"start":{"line":51,"column":12},"end":{"line":51,"column":71}},"25":{"start":{"line":54,"column":8},"end":{"line":57,"column":10}},"26":{"start":{"line":55,"column":10},"end":{"line":55,"column":49}},"27":{"start":{"line":56,"column":10},"end":{"line":56,"column":19}},"28":{"start":{"line":62,"column":45},"end":{"line":66,"column":8}},"29":{"start":{"line":70,"column":6},"end":{"line":74,"column":7}},"30":{"start":{"line":76,"column":6},"end":{"line":76,"column":46}},"31":{"start":{"line":77,"column":6},"end":{"line":77,"column":24}},"32":{"start":{"line":90,"column":4},"end":{"line":90,"column":42}},"33":{"start":{"line":91,"column":21},"end":{"line":91,"column":50}},"34":{"start":{"line":94,"column":20},"end":{"line":94,"column":41}},"35":{"start":{"line":97,"column":4},"end":{"line":101,"column":6}},"36":{"start":{"line":113,"column":4},"end":{"line":113,"column":54}},"37":{"start":{"line":124,"column":4},"end":{"line":124,"column":42}},"38":{"start":{"line":126,"column":4},"end":{"line":126,"column":25}},"39":{"start":{"line":136,"column":4},"end":{"line":145,"column":5}},"40":{"start":{"line":137,"column":6},"end":{"line":141,"column":7}},"41":{"start":{"line":142,"column":6},"end":{"line":142,"column":17}},"42":{"start":{"line":144,"column":6},"end":{"line":144,"column":18}},"43":{"start":{"line":156,"column":4},"end":{"line":156,"column":46}},"44":{"start":{"line":166,"column":4},"end":{"line":166,"column":42}},"45":{"start":{"line":168,"column":21},"end":{"line":168,"column":48}},"46":{"start":{"line":170,"column":4},"end":{"line":170,"column":39}},"47":{"start":{"line":175,"column":0},"end":{"line":175,"column":28}}},"fnMap":{"0":{"name":"(anonymous_0)","decl":{"start":{"line":12,"column":2},"end":{"line":12,"column":3}},"loc":{"start":{"line":12,"column":20},"end":{"line":17,"column":3}},"line":12},"1":{"name":"(anonymous_1)","decl":{"start":{"line":24,"column":2},"end":{"line":24,"column":3}},"loc":{"start":{"line":24,"column":19},"end":{"line":79,"column":3}},"line":24},"2":{"name":"(anonymous_2)","decl":{"start":{"line":38,"column":24},"end":{"line":38,"column":25}},"loc":{"start":{"line":38,"column":45},"end":{"line":58,"column":7}},"line":38},"3":{"name":"(anonymous_3)","decl":{"start":{"line":40,"column":28},"end":{"line":40,"column":29}},"loc":{"start":{"line":40,"column":33},"end":{"line":42,"column":9}},"line":40},"4":{"name":"(anonymous_4)","decl":{"start":{"line":43,"column":31},"end":{"line":43,"column":32}},"loc":{"start":{"line":43,"column":36},"end":{"line":45,"column":9}},"line":43},"5":{"name":"(anonymous_5)","decl":{"start":{"line":46,"column":24},"end":{"line":46,"column":25}},"loc":{"start":{"line":46,"column":29},"end":{"line":53,"column":9}},"line":46},"6":{"name":"(anonymous_6)","decl":{"start":{"line":54,"column":24},"end":{"line":54,"column":25}},"loc":{"start":{"line":54,"column":37},"end":{"line":57,"column":9}},"line":54},"7":{"name":"(anonymous_7)","decl":{"start":{"line":88,"column":2},"end":{"line":88,"column":3}},"loc":{"start":{"line":88,"column":38},"end":{"line":102,"column":3}},"line":88},"8":{"name":"(anonymous_8)","decl":{"start":{"line":112,"column":2},"end":{"line":112,"column":3}},"loc":{"start":{"line":112,"column":51},"end":{"line":114,"column":3}},"line":112},"9":{"name":"(anonymous_9)","decl":{"start":{"line":122,"column":2},"end":{"line":122,"column":3}},"loc":{"start":{"line":122,"column":24},"end":{"line":127,"column":3}},"line":122},"10":{"name":"(anonymous_10)","decl":{"start":{"line":135,"column":2},"end":{"line":135,"column":3}},"loc":{"start":{"line":135,"column":35},"end":{"line":146,"column":3}},"line":135},"11":{"name":"(anonymous_11)","decl":{"start":{"line":155,"column":2},"end":{"line":155,"column":3}},"loc":{"start":{"line":155,"column":24},"end":{"line":157,"column":3}},"line":155},"12":{"name":"(anonymous_12)","decl":{"start":{"line":164,"column":2},"end":{"line":164,"column":3}},"loc":{"start":{"line":164,"column":29},"end":{"line":171,"column":3}},"line":164}},"branchMap":{"0":{"loc":{"start":{"line":48,"column":10},"end":{"line":52,"column":11}},"type":"if","locations":[{"start":{"line":48,"column":10},"end":{"line":52,"column":11}},{"start":{"line":50,"column":17},"end":{"line":52,"column":11}}],"line":48},"1":{"loc":{"start":{"line":138,"column":8},"end":{"line":140,"column":34}},"type":"cond-expr","locations":[{"start":{"line":139,"column":12},"end":{"line":139,"column":29}},{"start":{"line":140,"column":12},"end":{"line":140,"column":34}}],"line":138}},"s":{"0":1,"1":1,"2":1,"3":1,"4":1,"5":0,"6":0,"7":0,"8":0,"9":0,"10":0,"11":0,"12":0,"13":0,"14":0,"15":0,"16":0,"17":0,"18":0,"19":0,"20":0,"21":0,"22":0,"23":0,"24":0,"25":0,"26":0,"27":0,"28":0,"29":0,"30":0,"31":0,"32":0,"33":0,"34":0,"35":0,"36":0,"37":0,"38":0,"39":0,"40":0,"41":0,"42":0,"43":0,"44":0,"45":0,"46":0,"47":1},"f":{"0":0,"1":0,"2":0,"3":0,"4":0,"5":0,"6":0,"7":0,"8":0,"9":0,"10":0,"11":0,"12":0},"b":{"0":[0,0],"1":[0,0]},"_coverageSchema":"1a1c01bbd47fc00a2c39e90264f33305004495a9","hash":"cd0d077f5552519550ec05da07fcb7b7e1582c31"}
,"/Users/josemaria/Documents/GIT/hashed-polkadot-api/src/model/polkadot-pallets/index.js": {"path":"/Users/josemaria/Documents/GIT/hashed-polkadot-api/src/model/polkadot-pallets/index.js","statementMap":{"0":{"start":{"line":1,"column":22},"end":{"line":1,"column":48}},"1":{"start":{"line":2,"column":23},"end":{"line":2,"column":50}},"2":{"start":{"line":4,"column":0},"end":{"line":7,"column":1}}},"fnMap":{},"branchMap":{},"s":{"0":1,"1":1,"2":1},"f":{},"b":{},"_coverageSchema":"1a1c01bbd47fc00a2c39e90264f33305004495a9","hash":"63c9ed19ef46e15f96af0fc4099dd082a8bc8ad4"}
,"/Users/josemaria/Documents/GIT/hashed-polkadot-api/src/model/polkadot-pallets/marketplaceApi.js": {"path":"/Users/josemaria/Documents/GIT/hashed-polkadot-api/src/model/polkadot-pallets/marketplaceApi.js","statementMap":{"0":{"start":{"line":1,"column":24},"end":{"line":1,"column":53}},"1":{"start":{"line":7,"column":4},"end":{"line":7,"column":50}},"2":{"start":{"line":17,"column":4},"end":{"line":17,"column":47}},"3":{"start":{"line":18,"column":19},"end":{"line":18,"column":65}},"4":{"start":{"line":19,"column":4},"end":{"line":21,"column":5}},"5":{"start":{"line":20,"column":6},"end":{"line":20,"column":29}},"6":{"start":{"line":22,"column":4},"end":{"line":22,"column":20}},"7":{"start":{"line":34,"column":24},"end":{"line":34,"column":89}},"8":{"start":{"line":35,"column":16},"end":{"line":35,"column":44}},"9":{"start":{"line":36,"column":20},"end":{"line":42,"column":6}},"10":{"start":{"line":37,"column":6},"end":{"line":41,"column":7}},"11":{"start":{"line":43,"column":4},"end":{"line":43,"column":18}},"12":{"start":{"line":53,"column":19},"end":{"line":53,"column":88}},"13":{"start":{"line":54,"column":16},"end":{"line":54,"column":39}},"14":{"start":{"line":55,"column":28},"end":{"line":60,"column":6}},"15":{"start":{"line":56,"column":6},"end":{"line":59,"column":7}},"16":{"start":{"line":61,"column":21},"end":{"line":61,"column":23}},"17":{"start":{"line":62,"column":4},"end":{"line":64,"column":6}},"18":{"start":{"line":63,"column":6},"end":{"line":63,"column":90}},"19":{"start":{"line":65,"column":26},"end":{"line":65,"column":53}},"20":{"start":{"line":66,"column":4},"end":{"line":70,"column":6}},"21":{"start":{"line":67,"column":6},"end":{"line":67,"column":56}},"22":{"start":{"line":68,"column":6},"end":{"line":68,"column":48}},"23":{"start":{"line":69,"column":6},"end":{"line":69,"column":19}},"24":{"start":{"line":71,"column":4},"end":{"line":71,"column":26}},"25":{"start":{"line":83,"column":19},"end":{"line":83,"column":82}},"26":{"start":{"line":84,"column":16},"end":{"line":84,"column":39}},"27":{"start":{"line":85,"column":21},"end":{"line":90,"column":6}},"28":{"start":{"line":86,"column":6},"end":{"line":89,"column":7}},"29":{"start":{"line":92,"column":27},"end":{"line":92,"column":48}},"30":{"start":{"line":92,"column":40},"end":{"line":92,"column":47}},"31":{"start":{"line":94,"column":25},"end":{"line":94,"column":80}},"32":{"start":{"line":96,"column":33},"end":{"line":103,"column":6}},"33":{"start":{"line":97,"column":23},"end":{"line":97,"column":93}},"34":{"start":{"line":97,"column":42},"end":{"line":97,"column":83}},"35":{"start":{"line":98,"column":6},"end":{"line":102,"column":7}},"36":{"start":{"line":105,"column":28},"end":{"line":105,"column":112}},"37":{"start":{"line":105,"column":61},"end":{"line":105,"column":90}},"38":{"start":{"line":105,"column":101},"end":{"line":105,"column":111}},"39":{"start":{"line":107,"column":24},"end":{"line":107,"column":89}},"40":{"start":{"line":108,"column":27},"end":{"line":108,"column":55}},"41":{"start":{"line":110,"column":27},"end":{"line":112,"column":6}},"42":{"start":{"line":111,"column":6},"end":{"line":111,"column":20}},"43":{"start":{"line":114,"column":33},"end":{"line":114,"column":71}},"44":{"start":{"line":116,"column":25},"end":{"line":116,"column":86}},"45":{"start":{"line":118,"column":25},"end":{"line":120,"column":6}},"46":{"start":{"line":119,"column":6},"end":{"line":119,"column":24}},"47":{"start":{"line":122,"column":23},"end":{"line":127,"column":6}},"48":{"start":{"line":123,"column":6},"end":{"line":126,"column":7}},"49":{"start":{"line":129,"column":21},"end":{"line":129,"column":23}},"50":{"start":{"line":130,"column":4},"end":{"line":132,"column":6}},"51":{"start":{"line":131,"column":6},"end":{"line":131,"column":90}},"52":{"start":{"line":133,"column":26},"end":{"line":133,"column":53}},"53":{"start":{"line":135,"column":4},"end":{"line":142,"column":6}},"54":{"start":{"line":136,"column":6},"end":{"line":141,"column":7}},"55":{"start":{"line":158,"column":23},"end":{"line":158,"column":92}},"56":{"start":{"line":159,"column":4},"end":{"line":159,"column":31}},"57":{"start":{"line":171,"column":23},"end":{"line":171,"column":87}},"58":{"start":{"line":173,"column":16},"end":{"line":173,"column":43}},"59":{"start":{"line":176,"column":30},"end":{"line":183,"column":6}},"60":{"start":{"line":177,"column":6},"end":{"line":182,"column":7}},"61":{"start":{"line":184,"column":4},"end":{"line":184,"column":55}},"62":{"start":{"line":187,"column":28},"end":{"line":187,"column":30}},"63":{"start":{"line":188,"column":4},"end":{"line":195,"column":6}},"64":{"start":{"line":189,"column":6},"end":{"line":194,"column":9}},"65":{"start":{"line":190,"column":8},"end":{"line":193,"column":9}},"66":{"start":{"line":197,"column":26},"end":{"line":197,"column":105}},"67":{"start":{"line":198,"column":4},"end":{"line":198,"column":69}},"68":{"start":{"line":198,"column":56},"end":{"line":198,"column":67}},"69":{"start":{"line":201,"column":30},"end":{"line":201,"column":118}},"70":{"start":{"line":201,"column":93},"end":{"line":201,"column":104}},"71":{"start":{"line":202,"column":4},"end":{"line":202,"column":55}},"72":{"start":{"line":205,"column":20},"end":{"line":211,"column":6}},"73":{"start":{"line":206,"column":21},"end":{"line":209,"column":7}},"74":{"start":{"line":210,"column":6},"end":{"line":210,"column":19}},"75":{"start":{"line":212,"column":4},"end":{"line":212,"column":35}},"76":{"start":{"line":213,"column":4},"end":{"line":213,"column":18}},"77":{"start":{"line":221,"column":4},"end":{"line":221,"column":93}},"78":{"start":{"line":222,"column":4},"end":{"line":222,"column":74}},"79":{"start":{"line":230,"column":4},"end":{"line":230,"column":95}},"80":{"start":{"line":231,"column":4},"end":{"line":231,"column":76}},"81":{"start":{"line":235,"column":4},"end":{"line":235,"column":61}},"82":{"start":{"line":236,"column":4},"end":{"line":236,"column":65}},"83":{"start":{"line":251,"column":4},"end":{"line":251,"column":104}},"84":{"start":{"line":252,"column":4},"end":{"line":252,"column":92}},"85":{"start":{"line":263,"column":4},"end":{"line":263,"column":79}},"86":{"start":{"line":264,"column":27},"end":{"line":264,"column":91}},"87":{"start":{"line":265,"column":4},"end":{"line":267,"column":5}},"88":{"start":{"line":266,"column":6},"end":{"line":266,"column":22}},"89":{"start":{"line":268,"column":24},"end":{"line":268,"column":86}},"90":{"start":{"line":269,"column":4},"end":{"line":269,"column":32}},"91":{"start":{"line":273,"column":4},"end":{"line":273,"column":83}},"92":{"start":{"line":274,"column":33},"end":{"line":274,"column":106}},"93":{"start":{"line":275,"column":4},"end":{"line":277,"column":5}},"94":{"start":{"line":276,"column":6},"end":{"line":276,"column":22}},"95":{"start":{"line":278,"column":4},"end":{"line":278,"column":41}},"96":{"start":{"line":288,"column":4},"end":{"line":288,"column":66}},"97":{"start":{"line":290,"column":24},"end":{"line":290,"column":74}},"98":{"start":{"line":291,"column":4},"end":{"line":291,"column":47}},"99":{"start":{"line":293,"column":4},"end":{"line":293,"column":43}},"100":{"start":{"line":293,"column":34},"end":{"line":293,"column":43}},"101":{"start":{"line":295,"column":23},"end":{"line":295,"column":51}},"102":{"start":{"line":296,"column":4},"end":{"line":296,"column":41}},"103":{"start":{"line":298,"column":30},"end":{"line":298,"column":58}},"104":{"start":{"line":298,"column":50},"end":{"line":298,"column":57}},"105":{"start":{"line":299,"column":4},"end":{"line":299,"column":58}},"106":{"start":{"line":301,"column":21},"end":{"line":301,"column":23}},"107":{"start":{"line":303,"column":4},"end":{"line":308,"column":6}},"108":{"start":{"line":304,"column":6},"end":{"line":307,"column":8}},"109":{"start":{"line":306,"column":8},"end":{"line":306,"column":88}},"110":{"start":{"line":310,"column":25},"end":{"line":310,"column":52}},"111":{"start":{"line":312,"column":28},"end":{"line":319,"column":6}},"112":{"start":{"line":313,"column":28},"end":{"line":313,"column":48}},"113":{"start":{"line":314,"column":6},"end":{"line":318,"column":7}},"114":{"start":{"line":322,"column":32},"end":{"line":322,"column":127}},"115":{"start":{"line":322,"column":97},"end":{"line":322,"column":113}},"116":{"start":{"line":324,"column":35},"end":{"line":332,"column":6}},"117":{"start":{"line":325,"column":22},"end":{"line":325,"column":52}},"118":{"start":{"line":326,"column":23},"end":{"line":326,"column":54}},"119":{"start":{"line":327,"column":6},"end":{"line":331,"column":7}},"120":{"start":{"line":334,"column":4},"end":{"line":334,"column":33}},"121":{"start":{"line":436,"column":0},"end":{"line":436,"column":31}}},"fnMap":{"0":{"name":"(anonymous_0)","decl":{"start":{"line":6,"column":2},"end":{"line":6,"column":3}},"loc":{"start":{"line":6,"column":36},"end":{"line":8,"column":3}},"line":6},"1":{"name":"(anonymous_1)","decl":{"start":{"line":16,"column":2},"end":{"line":16,"column":3}},"loc":{"start":{"line":16,"column":54},"end":{"line":23,"column":3}},"line":16},"2":{"name":"(anonymous_2)","decl":{"start":{"line":33,"column":2},"end":{"line":33,"column":3}},"loc":{"start":{"line":33,"column":74},"end":{"line":44,"column":3}},"line":33},"3":{"name":"(anonymous_3)","decl":{"start":{"line":36,"column":28},"end":{"line":36,"column":29}},"loc":{"start":{"line":36,"column":33},"end":{"line":42,"column":5}},"line":36},"4":{"name":"(anonymous_4)","decl":{"start":{"line":52,"column":2},"end":{"line":52,"column":3}},"loc":{"start":{"line":52,"column":64},"end":{"line":72,"column":3}},"line":52},"5":{"name":"(anonymous_5)","decl":{"start":{"line":55,"column":36},"end":{"line":55,"column":37}},"loc":{"start":{"line":55,"column":41},"end":{"line":60,"column":5}},"line":55},"6":{"name":"(anonymous_6)","decl":{"start":{"line":62,"column":28},"end":{"line":62,"column":29}},"loc":{"start":{"line":62,"column":38},"end":{"line":64,"column":5}},"line":62},"7":{"name":"(anonymous_7)","decl":{"start":{"line":66,"column":24},"end":{"line":66,"column":25}},"loc":{"start":{"line":66,"column":39},"end":{"line":70,"column":5}},"line":66},"8":{"name":"(anonymous_8)","decl":{"start":{"line":81,"column":2},"end":{"line":81,"column":3}},"loc":{"start":{"line":81,"column":54},"end":{"line":143,"column":3}},"line":81},"9":{"name":"(anonymous_9)","decl":{"start":{"line":85,"column":29},"end":{"line":85,"column":30}},"loc":{"start":{"line":85,"column":34},"end":{"line":90,"column":5}},"line":85},"10":{"name":"(anonymous_10)","decl":{"start":{"line":92,"column":35},"end":{"line":92,"column":36}},"loc":{"start":{"line":92,"column":40},"end":{"line":92,"column":47}},"line":92},"11":{"name":"(anonymous_11)","decl":{"start":{"line":96,"column":50},"end":{"line":96,"column":51}},"loc":{"start":{"line":96,"column":64},"end":{"line":103,"column":5}},"line":96},"12":{"name":"(anonymous_12)","decl":{"start":{"line":97,"column":37},"end":{"line":97,"column":38}},"loc":{"start":{"line":97,"column":42},"end":{"line":97,"column":83}},"line":97},"13":{"name":"(anonymous_13)","decl":{"start":{"line":105,"column":56},"end":{"line":105,"column":57}},"loc":{"start":{"line":105,"column":61},"end":{"line":105,"column":90}},"line":105},"14":{"name":"(anonymous_14)","decl":{"start":{"line":105,"column":96},"end":{"line":105,"column":97}},"loc":{"start":{"line":105,"column":101},"end":{"line":105,"column":111}},"line":105},"15":{"name":"(anonymous_15)","decl":{"start":{"line":110,"column":46},"end":{"line":110,"column":47}},"loc":{"start":{"line":110,"column":51},"end":{"line":112,"column":5}},"line":110},"16":{"name":"(anonymous_16)","decl":{"start":{"line":118,"column":42},"end":{"line":118,"column":43}},"loc":{"start":{"line":118,"column":56},"end":{"line":120,"column":5}},"line":118},"17":{"name":"(anonymous_17)","decl":{"start":{"line":122,"column":40},"end":{"line":122,"column":41}},"loc":{"start":{"line":122,"column":54},"end":{"line":127,"column":5}},"line":122},"18":{"name":"(anonymous_18)","decl":{"start":{"line":130,"column":23},"end":{"line":130,"column":24}},"loc":{"start":{"line":130,"column":33},"end":{"line":132,"column":5}},"line":130},"19":{"name":"(anonymous_19)","decl":{"start":{"line":135,"column":26},"end":{"line":135,"column":27}},"loc":{"start":{"line":135,"column":41},"end":{"line":142,"column":5}},"line":135},"20":{"name":"(anonymous_20)","decl":{"start":{"line":156,"column":2},"end":{"line":156,"column":3}},"loc":{"start":{"line":156,"column":59},"end":{"line":160,"column":3}},"line":156},"21":{"name":"(anonymous_21)","decl":{"start":{"line":169,"column":2},"end":{"line":169,"column":3}},"loc":{"start":{"line":169,"column":57},"end":{"line":214,"column":3}},"line":169},"22":{"name":"(anonymous_22)","decl":{"start":{"line":176,"column":38},"end":{"line":176,"column":39}},"loc":{"start":{"line":176,"column":43},"end":{"line":183,"column":5}},"line":176},"23":{"name":"(anonymous_23)","decl":{"start":{"line":188,"column":30},"end":{"line":188,"column":31}},"loc":{"start":{"line":188,"column":36},"end":{"line":195,"column":5}},"line":188},"24":{"name":"(anonymous_24)","decl":{"start":{"line":189,"column":68},"end":{"line":189,"column":69}},"loc":{"start":{"line":189,"column":73},"end":{"line":194,"column":7}},"line":189},"25":{"name":"(anonymous_25)","decl":{"start":{"line":198,"column":51},"end":{"line":198,"column":52}},"loc":{"start":{"line":198,"column":56},"end":{"line":198,"column":67}},"line":198},"26":{"name":"(anonymous_26)","decl":{"start":{"line":201,"column":88},"end":{"line":201,"column":89}},"loc":{"start":{"line":201,"column":93},"end":{"line":201,"column":104}},"line":201},"27":{"name":"(anonymous_27)","decl":{"start":{"line":205,"column":42},"end":{"line":205,"column":43}},"loc":{"start":{"line":205,"column":52},"end":{"line":211,"column":5}},"line":205},"28":{"name":"(anonymous_28)","decl":{"start":{"line":220,"column":2},"end":{"line":220,"column":3}},"loc":{"start":{"line":220,"column":75},"end":{"line":223,"column":3}},"line":220},"29":{"name":"(anonymous_29)","decl":{"start":{"line":229,"column":2},"end":{"line":229,"column":3}},"loc":{"start":{"line":229,"column":77},"end":{"line":232,"column":3}},"line":229},"30":{"name":"(anonymous_30)","decl":{"start":{"line":234,"column":2},"end":{"line":234,"column":3}},"loc":{"start":{"line":234,"column":63},"end":{"line":237,"column":3}},"line":234},"31":{"name":"(anonymous_31)","decl":{"start":{"line":250,"column":2},"end":{"line":250,"column":3}},"loc":{"start":{"line":250,"column":99},"end":{"line":253,"column":3}},"line":250},"32":{"name":"(anonymous_32)","decl":{"start":{"line":262,"column":2},"end":{"line":262,"column":3}},"loc":{"start":{"line":262,"column":74},"end":{"line":270,"column":3}},"line":262},"33":{"name":"(anonymous_33)","decl":{"start":{"line":272,"column":2},"end":{"line":272,"column":3}},"loc":{"start":{"line":272,"column":78},"end":{"line":279,"column":3}},"line":272},"34":{"name":"(anonymous_34)","decl":{"start":{"line":287,"column":2},"end":{"line":287,"column":3}},"loc":{"start":{"line":287,"column":61},"end":{"line":335,"column":3}},"line":287},"35":{"name":"(anonymous_35)","decl":{"start":{"line":298,"column":45},"end":{"line":298,"column":46}},"loc":{"start":{"line":298,"column":50},"end":{"line":298,"column":57}},"line":298},"36":{"name":"(anonymous_36)","decl":{"start":{"line":303,"column":31},"end":{"line":303,"column":32}},"loc":{"start":{"line":303,"column":55},"end":{"line":308,"column":5}},"line":303},"37":{"name":"(anonymous_37)","decl":{"start":{"line":304,"column":26},"end":{"line":304,"column":27}},"loc":{"start":{"line":304,"column":62},"end":{"line":307,"column":7}},"line":304},"38":{"name":"(anonymous_38)","decl":{"start":{"line":312,"column":45},"end":{"line":312,"column":46}},"loc":{"start":{"line":312,"column":61},"end":{"line":319,"column":5}},"line":312},"39":{"name":"(anonymous_39)","decl":{"start":{"line":322,"column":92},"end":{"line":322,"column":93}},"loc":{"start":{"line":322,"column":97},"end":{"line":322,"column":113}},"line":322},"40":{"name":"(anonymous_40)","decl":{"start":{"line":324,"column":59},"end":{"line":324,"column":60}},"loc":{"start":{"line":324,"column":73},"end":{"line":332,"column":5}},"line":324}},"branchMap":{"0":{"loc":{"start":{"line":19,"column":4},"end":{"line":21,"column":5}},"type":"if","locations":[{"start":{"line":19,"column":4},"end":{"line":21,"column":5}},{"start":{},"end":{}}],"line":19},"1":{"loc":{"start":{"line":265,"column":4},"end":{"line":267,"column":5}},"type":"if","locations":[{"start":{"line":265,"column":4},"end":{"line":267,"column":5}},{"start":{},"end":{}}],"line":265},"2":{"loc":{"start":{"line":275,"column":4},"end":{"line":277,"column":5}},"type":"if","locations":[{"start":{"line":275,"column":4},"end":{"line":277,"column":5}},{"start":{},"end":{}}],"line":275},"3":{"loc":{"start":{"line":293,"column":4},"end":{"line":293,"column":43}},"type":"if","locations":[{"start":{"line":293,"column":4},"end":{"line":293,"column":43}},{"start":{},"end":{}}],"line":293}},"s":{"0":1,"1":0,"2":0,"3":0,"4":0,"5":0,"6":0,"7":0,"8":0,"9":0,"10":0,"11":0,"12":0,"13":0,"14":0,"15":0,"16":0,"17":0,"18":0,"19":0,"20":0,"21":0,"22":0,"23":0,"24":0,"25":0,"26":0,"27":0,"28":0,"29":0,"30":0,"31":0,"32":0,"33":0,"34":0,"35":0,"36":0,"37":0,"38":0,"39":0,"40":0,"41":0,"42":0,"43":0,"44":0,"45":0,"46":0,"47":0,"48":0,"49":0,"50":0,"51":0,"52":0,"53":0,"54":0,"55":0,"56":0,"57":0,"58":0,"59":0,"60":0,"61":0,"62":0,"63":0,"64":0,"65":0,"66":0,"67":0,"68":0,"69":0,"70":0,"71":0,"72":0,"73":0,"74":0,"75":0,"76":0,"77":0,"78":0,"79":0,"80":0,"81":0,"82":0,"83":0,"84":0,"85":0,"86":0,"87":0,"88":0,"89":0,"90":0,"91":0,"92":0,"93":0,"94":0,"95":0,"96":0,"97":0,"98":0,"99":0,"100":0,"101":0,"102":0,"103":0,"104":0,"105":0,"106":0,"107":0,"108":0,"109":0,"110":0,"111":0,"112":0,"113":0,"114":0,"115":0,"116":0,"117":0,"118":0,"119":0,"120":0,"121":1},"f":{"0":0,"1":0,"2":0,"3":0,"4":0,"5":0,"6":0,"7":0,"8":0,"9":0,"10":0,"11":0,"12":0,"13":0,"14":0,"15":0,"16":0,"17":0,"18":0,"19":0,"20":0,"21":0,"22":0,"23":0,"24":0,"25":0,"26":0,"27":0,"28":0,"29":0,"30":0,"31":0,"32":0,"33":0,"34":0,"35":0,"36":0,"37":0,"38":0,"39":0,"40":0},"b":{"0":[0,0],"1":[0,0],"2":[0,0],"3":[0,0]},"_coverageSchema":"1a1c01bbd47fc00a2c39e90264f33305004495a9","hash":"fd6b3a7259ec005f66a115271234c6cb51ac5b79"}
,"/Users/josemaria/Documents/GIT/hashed-polkadot-api/src/model/polkadot-pallets/nbvStorageApi.js": {"path":"/Users/josemaria/Documents/GIT/hashed-polkadot-api/src/model/polkadot-pallets/nbvStorageApi.js","statementMap":{"0":{"start":{"line":1,"column":24},"end":{"line":1,"column":53}},"1":{"start":{"line":5,"column":4},"end":{"line":5,"column":44}},"2":{"start":{"line":18,"column":4},"end":{"line":18,"column":59}},"3":{"start":{"line":31,"column":4},"end":{"line":31,"column":54}},"4":{"start":{"line":42,"column":4},"end":{"line":42,"column":61}},"5":{"start":{"line":56,"column":4},"end":{"line":56,"column":55}},"6":{"start":{"line":68,"column":4},"end":{"line":68,"column":104}},"7":{"start":{"line":79,"column":4},"end":{"line":79,"column":49}},"8":{"start":{"line":90,"column":4},"end":{"line":90,"column":47}},"9":{"start":{"line":101,"column":4},"end":{"line":101,"column":42}},"10":{"start":{"line":115,"column":19},"end":{"line":115,"column":74}},"11":{"start":{"line":116,"column":4},"end":{"line":116,"column":49}},"12":{"start":{"line":128,"column":4},"end":{"line":128,"column":66}},"13":{"start":{"line":140,"column":4},"end":{"line":140,"column":58}},"14":{"start":{"line":151,"column":4},"end":{"line":151,"column":62}},"15":{"start":{"line":162,"column":4},"end":{"line":162,"column":62}},"16":{"start":{"line":173,"column":4},"end":{"line":173,"column":71}},"17":{"start":{"line":183,"column":4},"end":{"line":183,"column":61}},"18":{"start":{"line":188,"column":0},"end":{"line":188,"column":30}}},"fnMap":{"0":{"name":"(anonymous_0)","decl":{"start":{"line":4,"column":2},"end":{"line":4,"column":3}},"loc":{"start":{"line":4,"column":36},"end":{"line":6,"column":3}},"line":4},"1":{"name":"(anonymous_1)","decl":{"start":{"line":16,"column":2},"end":{"line":16,"column":3}},"loc":{"start":{"line":16,"column":35},"end":{"line":19,"column":3}},"line":16},"2":{"name":"(anonymous_2)","decl":{"start":{"line":29,"column":2},"end":{"line":29,"column":3}},"loc":{"start":{"line":29,"column":35},"end":{"line":32,"column":3}},"line":29},"3":{"name":"(anonymous_3)","decl":{"start":{"line":41,"column":2},"end":{"line":41,"column":3}},"loc":{"start":{"line":41,"column":41},"end":{"line":44,"column":3}},"line":41},"4":{"name":"(anonymous_4)","decl":{"start":{"line":54,"column":2},"end":{"line":54,"column":3}},"loc":{"start":{"line":54,"column":38},"end":{"line":58,"column":3}},"line":54},"5":{"name":"(anonymous_5)","decl":{"start":{"line":66,"column":2},"end":{"line":66,"column":3}},"loc":{"start":{"line":66,"column":90},"end":{"line":69,"column":3}},"line":66},"6":{"name":"(anonymous_6)","decl":{"start":{"line":77,"column":2},"end":{"line":77,"column":3}},"loc":{"start":{"line":77,"column":35},"end":{"line":80,"column":3}},"line":77},"7":{"name":"(anonymous_7)","decl":{"start":{"line":88,"column":2},"end":{"line":88,"column":3}},"loc":{"start":{"line":88,"column":36},"end":{"line":91,"column":3}},"line":88},"8":{"name":"(anonymous_8)","decl":{"start":{"line":99,"column":2},"end":{"line":99,"column":3}},"loc":{"start":{"line":99,"column":30},"end":{"line":102,"column":3}},"line":99},"9":{"name":"(anonymous_9)","decl":{"start":{"line":113,"column":2},"end":{"line":113,"column":3}},"loc":{"start":{"line":113,"column":91},"end":{"line":117,"column":3}},"line":113},"10":{"name":"(anonymous_10)","decl":{"start":{"line":127,"column":2},"end":{"line":127,"column":3}},"loc":{"start":{"line":127,"column":48},"end":{"line":129,"column":3}},"line":127},"11":{"name":"(anonymous_11)","decl":{"start":{"line":139,"column":2},"end":{"line":139,"column":3}},"loc":{"start":{"line":139,"column":41},"end":{"line":141,"column":3}},"line":139},"12":{"name":"(anonymous_12)","decl":{"start":{"line":150,"column":2},"end":{"line":150,"column":3}},"loc":{"start":{"line":150,"column":42},"end":{"line":152,"column":3}},"line":150},"13":{"name":"(anonymous_13)","decl":{"start":{"line":161,"column":2},"end":{"line":161,"column":3}},"loc":{"start":{"line":161,"column":42},"end":{"line":163,"column":3}},"line":161},"14":{"name":"(anonymous_14)","decl":{"start":{"line":172,"column":2},"end":{"line":172,"column":3}},"loc":{"start":{"line":172,"column":59},"end":{"line":174,"column":3}},"line":172},"15":{"name":"(anonymous_15)","decl":{"start":{"line":182,"column":2},"end":{"line":182,"column":3}},"loc":{"start":{"line":182,"column":41},"end":{"line":184,"column":3}},"line":182}},"branchMap":{"0":{"loc":{"start":{"line":172,"column":30},"end":{"line":172,"column":47}},"type":"default-arg","locations":[{"start":{"line":172,"column":42},"end":{"line":172,"column":47}}],"line":172}},"s":{"0":1,"1":0,"2":0,"3":0,"4":0,"5":0,"6":0,"7":0,"8":0,"9":0,"10":0,"11":0,"12":0,"13":0,"14":0,"15":0,"16":0,"17":0,"18":1},"f":{"0":0,"1":0,"2":0,"3":0,"4":0,"5":0,"6":0,"7":0,"8":0,"9":0,"10":0,"11":0,"12":0,"13":0,"14":0,"15":0},"b":{"0":[0]},"_coverageSchema":"1a1c01bbd47fc00a2c39e90264f33305004495a9","hash":"c8bd0bb243ae6568a97bf529e50e26d514876c30"}
}
