{"/home/hashed/Hashed/hashed-polkadot-api/src/model/polkadotApi.js": {"path":"/home/hashed/Hashed/hashed-polkadot-api/src/model/polkadotApi.js","statementMap":{"0":{"start":{"line":5,"column":4},"end":{"line":5,"column":39}},"1":{"start":{"line":6,"column":35},"end":{"line":6,"column":59}},"2":{"start":{"line":7,"column":41},"end":{"line":7,"column":69}},"3":{"start":{"line":8,"column":52},"end":{"line":8,"column":77}},"4":{"start":{"line":9,"column":28},"end":{"line":9,"column":60}},"5":{"start":{"line":13,"column":4},"end":{"line":13,"column":28}},"6":{"start":{"line":15,"column":4},"end":{"line":15,"column":52}},"7":{"start":{"line":16,"column":4},"end":{"line":16,"column":24}},"8":{"start":{"line":17,"column":4},"end":{"line":17,"column":26}},"9":{"start":{"line":26,"column":4},"end":{"line":78,"column":5}},"10":{"start":{"line":28,"column":6},"end":{"line":28,"column":50}},"11":{"start":{"line":29,"column":23},"end":{"line":29,"column":52}},"12":{"start":{"line":32,"column":18},"end":{"line":32,"column":46}},"13":{"start":{"line":33,"column":6},"end":{"line":33,"column":20}},"14":{"start":{"line":38,"column":6},"end":{"line":58,"column":8}},"15":{"start":{"line":39,"column":26},"end":{"line":39,"column":27}},"16":{"start":{"line":40,"column":8},"end":{"line":42,"column":10}},"17":{"start":{"line":41,"column":10},"end":{"line":41,"column":53}},"18":{"start":{"line":43,"column":8},"end":{"line":45,"column":10}},"19":{"start":{"line":44,"column":10},"end":{"line":44,"column":56}},"20":{"start":{"line":46,"column":8},"end":{"line":53,"column":10}},"21":{"start":{"line":47,"column":10},"end":{"line":47,"column":62}},"22":{"start":{"line":48,"column":10},"end":{"line":52,"column":11}},"23":{"start":{"line":49,"column":12},"end":{"line":49,"column":25}},"24":{"start":{"line":51,"column":12},"end":{"line":51,"column":76}},"25":{"start":{"line":54,"column":8},"end":{"line":57,"column":10}},"26":{"start":{"line":55,"column":10},"end":{"line":55,"column":49}},"27":{"start":{"line":56,"column":10},"end":{"line":56,"column":19}},"28":{"start":{"line":62,"column":45},"end":{"line":66,"column":8}},"29":{"start":{"line":70,"column":6},"end":{"line":74,"column":7}},"30":{"start":{"line":76,"column":6},"end":{"line":76,"column":46}},"31":{"start":{"line":77,"column":6},"end":{"line":77,"column":24}},"32":{"start":{"line":90,"column":4},"end":{"line":90,"column":34}},"33":{"start":{"line":91,"column":21},"end":{"line":91,"column":50}},"34":{"start":{"line":94,"column":20},"end":{"line":94,"column":41}},"35":{"start":{"line":97,"column":4},"end":{"line":101,"column":6}},"36":{"start":{"line":113,"column":4},"end":{"line":113,"column":54}},"37":{"start":{"line":124,"column":4},"end":{"line":124,"column":34}},"38":{"start":{"line":126,"column":4},"end":{"line":126,"column":25}},"39":{"start":{"line":136,"column":4},"end":{"line":145,"column":5}},"40":{"start":{"line":137,"column":6},"end":{"line":141,"column":7}},"41":{"start":{"line":142,"column":6},"end":{"line":142,"column":17}},"42":{"start":{"line":144,"column":6},"end":{"line":144,"column":18}},"43":{"start":{"line":156,"column":4},"end":{"line":156,"column":46}},"44":{"start":{"line":166,"column":4},"end":{"line":166,"column":34}},"45":{"start":{"line":168,"column":21},"end":{"line":168,"column":48}},"46":{"start":{"line":170,"column":4},"end":{"line":170,"column":39}},"47":{"start":{"line":175,"column":0},"end":{"line":175,"column":28}}},"fnMap":{"0":{"name":"(anonymous_0)","decl":{"start":{"line":12,"column":2},"end":{"line":12,"column":3}},"loc":{"start":{"line":12,"column":38},"end":{"line":18,"column":3}},"line":12},"1":{"name":"(anonymous_1)","decl":{"start":{"line":25,"column":2},"end":{"line":25,"column":3}},"loc":{"start":{"line":25,"column":19},"end":{"line":79,"column":3}},"line":25},"2":{"name":"(anonymous_2)","decl":{"start":{"line":38,"column":24},"end":{"line":38,"column":25}},"loc":{"start":{"line":38,"column":45},"end":{"line":58,"column":7}},"line":38},"3":{"name":"(anonymous_3)","decl":{"start":{"line":40,"column":28},"end":{"line":40,"column":29}},"loc":{"start":{"line":40,"column":33},"end":{"line":42,"column":9}},"line":40},"4":{"name":"(anonymous_4)","decl":{"start":{"line":43,"column":31},"end":{"line":43,"column":32}},"loc":{"start":{"line":43,"column":36},"end":{"line":45,"column":9}},"line":43},"5":{"name":"(anonymous_5)","decl":{"start":{"line":46,"column":24},"end":{"line":46,"column":25}},"loc":{"start":{"line":46,"column":29},"end":{"line":53,"column":9}},"line":46},"6":{"name":"(anonymous_6)","decl":{"start":{"line":54,"column":24},"end":{"line":54,"column":25}},"loc":{"start":{"line":54,"column":37},"end":{"line":57,"column":9}},"line":54},"7":{"name":"(anonymous_7)","decl":{"start":{"line":88,"column":2},"end":{"line":88,"column":3}},"loc":{"start":{"line":88,"column":38},"end":{"line":102,"column":3}},"line":88},"8":{"name":"(anonymous_8)","decl":{"start":{"line":112,"column":2},"end":{"line":112,"column":3}},"loc":{"start":{"line":112,"column":51},"end":{"line":114,"column":3}},"line":112},"9":{"name":"(anonymous_9)","decl":{"start":{"line":122,"column":2},"end":{"line":122,"column":3}},"loc":{"start":{"line":122,"column":24},"end":{"line":127,"column":3}},"line":122},"10":{"name":"(anonymous_10)","decl":{"start":{"line":135,"column":2},"end":{"line":135,"column":3}},"loc":{"start":{"line":135,"column":35},"end":{"line":146,"column":3}},"line":135},"11":{"name":"(anonymous_11)","decl":{"start":{"line":155,"column":2},"end":{"line":155,"column":3}},"loc":{"start":{"line":155,"column":24},"end":{"line":157,"column":3}},"line":155},"12":{"name":"(anonymous_12)","decl":{"start":{"line":164,"column":2},"end":{"line":164,"column":3}},"loc":{"start":{"line":164,"column":29},"end":{"line":171,"column":3}},"line":164}},"branchMap":{"0":{"loc":{"start":{"line":48,"column":10},"end":{"line":52,"column":11}},"type":"if","locations":[{"start":{"line":48,"column":10},"end":{"line":52,"column":11}},{"start":{"line":50,"column":17},"end":{"line":52,"column":11}}],"line":48},"1":{"loc":{"start":{"line":138,"column":8},"end":{"line":140,"column":34}},"type":"cond-expr","locations":[{"start":{"line":139,"column":12},"end":{"line":139,"column":29}},{"start":{"line":140,"column":12},"end":{"line":140,"column":34}}],"line":138}},"s":{"0":3,"1":3,"2":3,"3":3,"4":3,"5":3,"6":3,"7":3,"8":3,"9":3,"10":3,"11":3,"12":3,"13":3,"14":3,"15":3,"16":3,"17":3,"18":3,"19":0,"20":3,"21":0,"22":0,"23":0,"24":0,"25":3,"26":3,"27":3,"28":3,"29":3,"30":0,"31":0,"32":0,"33":0,"34":0,"35":0,"36":0,"37":0,"38":0,"39":0,"40":0,"41":0,"42":0,"43":0,"44":0,"45":0,"46":0,"47":3},"f":{"0":3,"1":3,"2":3,"3":3,"4":0,"5":0,"6":3,"7":0,"8":0,"9":0,"10":0,"11":0,"12":0},"b":{"0":[0,0],"1":[0,0]},"_coverageSchema":"1a1c01bbd47fc00a2c39e90264f33305004495a9","hash":"a37f080bf862da62e5df274defa975fac7713fa0"}
,"/home/hashed/Hashed/hashed-polkadot-api/src/model/polkadot-pallets/index.js": {"path":"/home/hashed/Hashed/hashed-polkadot-api/src/model/polkadot-pallets/index.js","statementMap":{"0":{"start":{"line":1,"column":22},"end":{"line":1,"column":48}},"1":{"start":{"line":2,"column":23},"end":{"line":2,"column":50}},"2":{"start":{"line":3,"column":13},"end":{"line":3,"column":30}},"3":{"start":{"line":4,"column":0},"end":{"line":8,"column":1}}},"fnMap":{},"branchMap":{},"s":{"0":3,"1":3,"2":3,"3":3},"f":{},"b":{},"_coverageSchema":"1a1c01bbd47fc00a2c39e90264f33305004495a9","hash":"1f4fac001af781b51c2b310392762f13777434ad"}
,"/home/hashed/Hashed/hashed-polkadot-api/src/model/polkadot-pallets/marketplaceApi.js": {"path":"/home/hashed/Hashed/hashed-polkadot-api/src/model/polkadot-pallets/marketplaceApi.js","statementMap":{"0":{"start":{"line":1,"column":24},"end":{"line":1,"column":53}},"1":{"start":{"line":7,"column":4},"end":{"line":7,"column":50}},"2":{"start":{"line":17,"column":4},"end":{"line":17,"column":47}},"3":{"start":{"line":18,"column":19},"end":{"line":18,"column":65}},"4":{"start":{"line":19,"column":4},"end":{"line":21,"column":5}},"5":{"start":{"line":20,"column":6},"end":{"line":20,"column":29}},"6":{"start":{"line":22,"column":4},"end":{"line":22,"column":20}},"7":{"start":{"line":34,"column":24},"end":{"line":34,"column":89}},"8":{"start":{"line":35,"column":16},"end":{"line":35,"column":44}},"9":{"start":{"line":36,"column":20},"end":{"line":42,"column":6}},"10":{"start":{"line":37,"column":6},"end":{"line":41,"column":7}},"11":{"start":{"line":43,"column":4},"end":{"line":43,"column":18}},"12":{"start":{"line":53,"column":19},"end":{"line":53,"column":88}},"13":{"start":{"line":54,"column":16},"end":{"line":54,"column":39}},"14":{"start":{"line":55,"column":28},"end":{"line":60,"column":6}},"15":{"start":{"line":56,"column":6},"end":{"line":59,"column":7}},"16":{"start":{"line":61,"column":21},"end":{"line":61,"column":23}},"17":{"start":{"line":62,"column":4},"end":{"line":64,"column":6}},"18":{"start":{"line":63,"column":6},"end":{"line":63,"column":90}},"19":{"start":{"line":65,"column":26},"end":{"line":65,"column":53}},"20":{"start":{"line":66,"column":4},"end":{"line":70,"column":6}},"21":{"start":{"line":67,"column":6},"end":{"line":67,"column":56}},"22":{"start":{"line":68,"column":6},"end":{"line":68,"column":48}},"23":{"start":{"line":69,"column":6},"end":{"line":69,"column":19}},"24":{"start":{"line":71,"column":4},"end":{"line":71,"column":26}},"25":{"start":{"line":83,"column":19},"end":{"line":83,"column":82}},"26":{"start":{"line":84,"column":16},"end":{"line":84,"column":39}},"27":{"start":{"line":85,"column":21},"end":{"line":90,"column":6}},"28":{"start":{"line":86,"column":6},"end":{"line":89,"column":7}},"29":{"start":{"line":92,"column":27},"end":{"line":92,"column":48}},"30":{"start":{"line":92,"column":40},"end":{"line":92,"column":47}},"31":{"start":{"line":94,"column":25},"end":{"line":94,"column":80}},"32":{"start":{"line":96,"column":33},"end":{"line":103,"column":6}},"33":{"start":{"line":97,"column":23},"end":{"line":97,"column":93}},"34":{"start":{"line":97,"column":42},"end":{"line":97,"column":83}},"35":{"start":{"line":98,"column":6},"end":{"line":102,"column":7}},"36":{"start":{"line":105,"column":28},"end":{"line":105,"column":112}},"37":{"start":{"line":105,"column":61},"end":{"line":105,"column":90}},"38":{"start":{"line":105,"column":101},"end":{"line":105,"column":111}},"39":{"start":{"line":107,"column":24},"end":{"line":107,"column":89}},"40":{"start":{"line":108,"column":27},"end":{"line":108,"column":55}},"41":{"start":{"line":110,"column":27},"end":{"line":112,"column":6}},"42":{"start":{"line":111,"column":6},"end":{"line":111,"column":20}},"43":{"start":{"line":114,"column":33},"end":{"line":114,"column":71}},"44":{"start":{"line":116,"column":25},"end":{"line":116,"column":86}},"45":{"start":{"line":118,"column":25},"end":{"line":120,"column":6}},"46":{"start":{"line":119,"column":6},"end":{"line":119,"column":24}},"47":{"start":{"line":122,"column":23},"end":{"line":127,"column":6}},"48":{"start":{"line":123,"column":6},"end":{"line":126,"column":7}},"49":{"start":{"line":129,"column":21},"end":{"line":129,"column":23}},"50":{"start":{"line":130,"column":4},"end":{"line":132,"column":6}},"51":{"start":{"line":131,"column":6},"end":{"line":131,"column":90}},"52":{"start":{"line":133,"column":26},"end":{"line":133,"column":53}},"53":{"start":{"line":135,"column":4},"end":{"line":142,"column":6}},"54":{"start":{"line":136,"column":6},"end":{"line":141,"column":7}},"55":{"start":{"line":158,"column":23},"end":{"line":158,"column":92}},"56":{"start":{"line":159,"column":4},"end":{"line":159,"column":31}},"57":{"start":{"line":171,"column":23},"end":{"line":171,"column":87}},"58":{"start":{"line":173,"column":16},"end":{"line":173,"column":43}},"59":{"start":{"line":176,"column":30},"end":{"line":183,"column":6}},"60":{"start":{"line":177,"column":6},"end":{"line":182,"column":7}},"61":{"start":{"line":184,"column":4},"end":{"line":184,"column":55}},"62":{"start":{"line":187,"column":28},"end":{"line":187,"column":30}},"63":{"start":{"line":188,"column":4},"end":{"line":195,"column":6}},"64":{"start":{"line":189,"column":6},"end":{"line":194,"column":9}},"65":{"start":{"line":190,"column":8},"end":{"line":193,"column":9}},"66":{"start":{"line":197,"column":26},"end":{"line":197,"column":105}},"67":{"start":{"line":198,"column":4},"end":{"line":198,"column":69}},"68":{"start":{"line":198,"column":56},"end":{"line":198,"column":67}},"69":{"start":{"line":201,"column":30},"end":{"line":201,"column":118}},"70":{"start":{"line":201,"column":93},"end":{"line":201,"column":104}},"71":{"start":{"line":202,"column":4},"end":{"line":202,"column":55}},"72":{"start":{"line":205,"column":20},"end":{"line":211,"column":6}},"73":{"start":{"line":206,"column":21},"end":{"line":209,"column":7}},"74":{"start":{"line":210,"column":6},"end":{"line":210,"column":19}},"75":{"start":{"line":212,"column":4},"end":{"line":212,"column":35}},"76":{"start":{"line":213,"column":4},"end":{"line":213,"column":18}},"77":{"start":{"line":221,"column":4},"end":{"line":221,"column":93}},"78":{"start":{"line":222,"column":4},"end":{"line":222,"column":74}},"79":{"start":{"line":230,"column":4},"end":{"line":230,"column":95}},"80":{"start":{"line":231,"column":4},"end":{"line":231,"column":76}},"81":{"start":{"line":235,"column":4},"end":{"line":235,"column":61}},"82":{"start":{"line":236,"column":4},"end":{"line":236,"column":65}},"83":{"start":{"line":251,"column":4},"end":{"line":251,"column":104}},"84":{"start":{"line":252,"column":4},"end":{"line":252,"column":92}},"85":{"start":{"line":263,"column":4},"end":{"line":263,"column":79}},"86":{"start":{"line":264,"column":27},"end":{"line":264,"column":91}},"87":{"start":{"line":265,"column":4},"end":{"line":267,"column":5}},"88":{"start":{"line":266,"column":6},"end":{"line":266,"column":22}},"89":{"start":{"line":268,"column":24},"end":{"line":268,"column":86}},"90":{"start":{"line":269,"column":4},"end":{"line":269,"column":32}},"91":{"start":{"line":273,"column":4},"end":{"line":273,"column":83}},"92":{"start":{"line":274,"column":33},"end":{"line":274,"column":106}},"93":{"start":{"line":275,"column":4},"end":{"line":277,"column":5}},"94":{"start":{"line":276,"column":6},"end":{"line":276,"column":22}},"95":{"start":{"line":278,"column":4},"end":{"line":278,"column":41}},"96":{"start":{"line":288,"column":4},"end":{"line":288,"column":66}},"97":{"start":{"line":290,"column":24},"end":{"line":290,"column":74}},"98":{"start":{"line":291,"column":4},"end":{"line":291,"column":47}},"99":{"start":{"line":293,"column":4},"end":{"line":293,"column":43}},"100":{"start":{"line":293,"column":34},"end":{"line":293,"column":43}},"101":{"start":{"line":295,"column":23},"end":{"line":295,"column":51}},"102":{"start":{"line":296,"column":4},"end":{"line":296,"column":41}},"103":{"start":{"line":298,"column":30},"end":{"line":298,"column":58}},"104":{"start":{"line":298,"column":50},"end":{"line":298,"column":57}},"105":{"start":{"line":299,"column":4},"end":{"line":299,"column":58}},"106":{"start":{"line":301,"column":21},"end":{"line":301,"column":23}},"107":{"start":{"line":303,"column":4},"end":{"line":308,"column":6}},"108":{"start":{"line":304,"column":6},"end":{"line":307,"column":8}},"109":{"start":{"line":306,"column":8},"end":{"line":306,"column":88}},"110":{"start":{"line":310,"column":25},"end":{"line":310,"column":52}},"111":{"start":{"line":312,"column":28},"end":{"line":319,"column":6}},"112":{"start":{"line":313,"column":28},"end":{"line":313,"column":48}},"113":{"start":{"line":314,"column":6},"end":{"line":318,"column":7}},"114":{"start":{"line":322,"column":32},"end":{"line":322,"column":127}},"115":{"start":{"line":322,"column":97},"end":{"line":322,"column":113}},"116":{"start":{"line":324,"column":35},"end":{"line":332,"column":6}},"117":{"start":{"line":325,"column":22},"end":{"line":325,"column":52}},"118":{"start":{"line":326,"column":23},"end":{"line":326,"column":54}},"119":{"start":{"line":327,"column":6},"end":{"line":331,"column":7}},"120":{"start":{"line":334,"column":4},"end":{"line":334,"column":33}},"121":{"start":{"line":350,"column":4},"end":{"line":350,"column":92}},"122":{"start":{"line":362,"column":4},"end":{"line":362,"column":93}},"123":{"start":{"line":371,"column":4},"end":{"line":371,"column":83}},"124":{"start":{"line":384,"column":4},"end":{"line":384,"column":84}},"125":{"start":{"line":396,"column":4},"end":{"line":396,"column":85}},"126":{"start":{"line":409,"column":22},"end":{"line":409,"column":77}},"127":{"start":{"line":410,"column":22},"end":{"line":410,"column":48}},"128":{"start":{"line":411,"column":4},"end":{"line":411,"column":20}},"129":{"start":{"line":421,"column":22},"end":{"line":421,"column":77}},"130":{"start":{"line":422,"column":4},"end":{"line":424,"column":5}},"131":{"start":{"line":423,"column":6},"end":{"line":423,"column":32}},"132":{"start":{"line":425,"column":4},"end":{"line":425,"column":20}},"133":{"start":{"line":435,"column":32},"end":{"line":435,"column":102}},"134":{"start":{"line":436,"column":4},"end":{"line":438,"column":5}},"135":{"start":{"line":437,"column":6},"end":{"line":437,"column":62}},"136":{"start":{"line":437,"column":46},"end":{"line":437,"column":61}},"137":{"start":{"line":439,"column":4},"end":{"line":439,"column":13}},"138":{"start":{"line":448,"column":32},"end":{"line":448,"column":96}},"139":{"start":{"line":449,"column":4},"end":{"line":449,"column":47}},"140":{"start":{"line":459,"column":25},"end":{"line":459,"column":95}},"141":{"start":{"line":460,"column":4},"end":{"line":460,"column":33}},"142":{"start":{"line":469,"column":28},"end":{"line":469,"column":88}},"143":{"start":{"line":470,"column":4},"end":{"line":470,"column":36}},"144":{"start":{"line":479,"column":28},"end":{"line":479,"column":88}},"145":{"start":{"line":480,"column":31},"end":{"line":480,"column":63}},"146":{"start":{"line":481,"column":4},"end":{"line":481,"column":29}},"147":{"start":{"line":506,"column":0},"end":{"line":506,"column":31}}},"fnMap":{"0":{"name":"(anonymous_0)","decl":{"start":{"line":6,"column":2},"end":{"line":6,"column":3}},"loc":{"start":{"line":6,"column":36},"end":{"line":8,"column":3}},"line":6},"1":{"name":"(anonymous_1)","decl":{"start":{"line":16,"column":2},"end":{"line":16,"column":3}},"loc":{"start":{"line":16,"column":54},"end":{"line":23,"column":3}},"line":16},"2":{"name":"(anonymous_2)","decl":{"start":{"line":33,"column":2},"end":{"line":33,"column":3}},"loc":{"start":{"line":33,"column":74},"end":{"line":44,"column":3}},"line":33},"3":{"name":"(anonymous_3)","decl":{"start":{"line":36,"column":28},"end":{"line":36,"column":29}},"loc":{"start":{"line":36,"column":33},"end":{"line":42,"column":5}},"line":36},"4":{"name":"(anonymous_4)","decl":{"start":{"line":52,"column":2},"end":{"line":52,"column":3}},"loc":{"start":{"line":52,"column":64},"end":{"line":72,"column":3}},"line":52},"5":{"name":"(anonymous_5)","decl":{"start":{"line":55,"column":36},"end":{"line":55,"column":37}},"loc":{"start":{"line":55,"column":41},"end":{"line":60,"column":5}},"line":55},"6":{"name":"(anonymous_6)","decl":{"start":{"line":62,"column":28},"end":{"line":62,"column":29}},"loc":{"start":{"line":62,"column":38},"end":{"line":64,"column":5}},"line":62},"7":{"name":"(anonymous_7)","decl":{"start":{"line":66,"column":24},"end":{"line":66,"column":25}},"loc":{"start":{"line":66,"column":39},"end":{"line":70,"column":5}},"line":66},"8":{"name":"(anonymous_8)","decl":{"start":{"line":81,"column":2},"end":{"line":81,"column":3}},"loc":{"start":{"line":81,"column":54},"end":{"line":143,"column":3}},"line":81},"9":{"name":"(anonymous_9)","decl":{"start":{"line":85,"column":29},"end":{"line":85,"column":30}},"loc":{"start":{"line":85,"column":34},"end":{"line":90,"column":5}},"line":85},"10":{"name":"(anonymous_10)","decl":{"start":{"line":92,"column":35},"end":{"line":92,"column":36}},"loc":{"start":{"line":92,"column":40},"end":{"line":92,"column":47}},"line":92},"11":{"name":"(anonymous_11)","decl":{"start":{"line":96,"column":50},"end":{"line":96,"column":51}},"loc":{"start":{"line":96,"column":64},"end":{"line":103,"column":5}},"line":96},"12":{"name":"(anonymous_12)","decl":{"start":{"line":97,"column":37},"end":{"line":97,"column":38}},"loc":{"start":{"line":97,"column":42},"end":{"line":97,"column":83}},"line":97},"13":{"name":"(anonymous_13)","decl":{"start":{"line":105,"column":56},"end":{"line":105,"column":57}},"loc":{"start":{"line":105,"column":61},"end":{"line":105,"column":90}},"line":105},"14":{"name":"(anonymous_14)","decl":{"start":{"line":105,"column":96},"end":{"line":105,"column":97}},"loc":{"start":{"line":105,"column":101},"end":{"line":105,"column":111}},"line":105},"15":{"name":"(anonymous_15)","decl":{"start":{"line":110,"column":46},"end":{"line":110,"column":47}},"loc":{"start":{"line":110,"column":51},"end":{"line":112,"column":5}},"line":110},"16":{"name":"(anonymous_16)","decl":{"start":{"line":118,"column":42},"end":{"line":118,"column":43}},"loc":{"start":{"line":118,"column":56},"end":{"line":120,"column":5}},"line":118},"17":{"name":"(anonymous_17)","decl":{"start":{"line":122,"column":40},"end":{"line":122,"column":41}},"loc":{"start":{"line":122,"column":54},"end":{"line":127,"column":5}},"line":122},"18":{"name":"(anonymous_18)","decl":{"start":{"line":130,"column":23},"end":{"line":130,"column":24}},"loc":{"start":{"line":130,"column":33},"end":{"line":132,"column":5}},"line":130},"19":{"name":"(anonymous_19)","decl":{"start":{"line":135,"column":26},"end":{"line":135,"column":27}},"loc":{"start":{"line":135,"column":41},"end":{"line":142,"column":5}},"line":135},"20":{"name":"(anonymous_20)","decl":{"start":{"line":156,"column":2},"end":{"line":156,"column":3}},"loc":{"start":{"line":156,"column":59},"end":{"line":160,"column":3}},"line":156},"21":{"name":"(anonymous_21)","decl":{"start":{"line":169,"column":2},"end":{"line":169,"column":3}},"loc":{"start":{"line":169,"column":57},"end":{"line":214,"column":3}},"line":169},"22":{"name":"(anonymous_22)","decl":{"start":{"line":176,"column":38},"end":{"line":176,"column":39}},"loc":{"start":{"line":176,"column":43},"end":{"line":183,"column":5}},"line":176},"23":{"name":"(anonymous_23)","decl":{"start":{"line":188,"column":30},"end":{"line":188,"column":31}},"loc":{"start":{"line":188,"column":36},"end":{"line":195,"column":5}},"line":188},"24":{"name":"(anonymous_24)","decl":{"start":{"line":189,"column":68},"end":{"line":189,"column":69}},"loc":{"start":{"line":189,"column":73},"end":{"line":194,"column":7}},"line":189},"25":{"name":"(anonymous_25)","decl":{"start":{"line":198,"column":51},"end":{"line":198,"column":52}},"loc":{"start":{"line":198,"column":56},"end":{"line":198,"column":67}},"line":198},"26":{"name":"(anonymous_26)","decl":{"start":{"line":201,"column":88},"end":{"line":201,"column":89}},"loc":{"start":{"line":201,"column":93},"end":{"line":201,"column":104}},"line":201},"27":{"name":"(anonymous_27)","decl":{"start":{"line":205,"column":42},"end":{"line":205,"column":43}},"loc":{"start":{"line":205,"column":52},"end":{"line":211,"column":5}},"line":205},"28":{"name":"(anonymous_28)","decl":{"start":{"line":220,"column":2},"end":{"line":220,"column":3}},"loc":{"start":{"line":220,"column":75},"end":{"line":223,"column":3}},"line":220},"29":{"name":"(anonymous_29)","decl":{"start":{"line":229,"column":2},"end":{"line":229,"column":3}},"loc":{"start":{"line":229,"column":77},"end":{"line":232,"column":3}},"line":229},"30":{"name":"(anonymous_30)","decl":{"start":{"line":234,"column":2},"end":{"line":234,"column":3}},"loc":{"start":{"line":234,"column":63},"end":{"line":237,"column":3}},"line":234},"31":{"name":"(anonymous_31)","decl":{"start":{"line":250,"column":2},"end":{"line":250,"column":3}},"loc":{"start":{"line":250,"column":99},"end":{"line":253,"column":3}},"line":250},"32":{"name":"(anonymous_32)","decl":{"start":{"line":262,"column":2},"end":{"line":262,"column":3}},"loc":{"start":{"line":262,"column":74},"end":{"line":270,"column":3}},"line":262},"33":{"name":"(anonymous_33)","decl":{"start":{"line":272,"column":2},"end":{"line":272,"column":3}},"loc":{"start":{"line":272,"column":78},"end":{"line":279,"column":3}},"line":272},"34":{"name":"(anonymous_34)","decl":{"start":{"line":287,"column":2},"end":{"line":287,"column":3}},"loc":{"start":{"line":287,"column":61},"end":{"line":335,"column":3}},"line":287},"35":{"name":"(anonymous_35)","decl":{"start":{"line":298,"column":45},"end":{"line":298,"column":46}},"loc":{"start":{"line":298,"column":50},"end":{"line":298,"column":57}},"line":298},"36":{"name":"(anonymous_36)","decl":{"start":{"line":303,"column":31},"end":{"line":303,"column":32}},"loc":{"start":{"line":303,"column":55},"end":{"line":308,"column":5}},"line":303},"37":{"name":"(anonymous_37)","decl":{"start":{"line":304,"column":26},"end":{"line":304,"column":27}},"loc":{"start":{"line":304,"column":62},"end":{"line":307,"column":7}},"line":304},"38":{"name":"(anonymous_38)","decl":{"start":{"line":312,"column":45},"end":{"line":312,"column":46}},"loc":{"start":{"line":312,"column":61},"end":{"line":319,"column":5}},"line":312},"39":{"name":"(anonymous_39)","decl":{"start":{"line":322,"column":92},"end":{"line":322,"column":93}},"loc":{"start":{"line":322,"column":97},"end":{"line":322,"column":113}},"line":322},"40":{"name":"(anonymous_40)","decl":{"start":{"line":324,"column":59},"end":{"line":324,"column":60}},"loc":{"start":{"line":324,"column":73},"end":{"line":332,"column":5}},"line":324},"41":{"name":"(anonymous_41)","decl":{"start":{"line":349,"column":2},"end":{"line":349,"column":3}},"loc":{"start":{"line":349,"column":78},"end":{"line":351,"column":3}},"line":349},"42":{"name":"(anonymous_42)","decl":{"start":{"line":361,"column":2},"end":{"line":361,"column":3}},"loc":{"start":{"line":361,"column":79},"end":{"line":363,"column":3}},"line":361},"43":{"name":"(anonymous_43)","decl":{"start":{"line":370,"column":2},"end":{"line":370,"column":3}},"loc":{"start":{"line":370,"column":71},"end":{"line":372,"column":3}},"line":370},"44":{"name":"(anonymous_44)","decl":{"start":{"line":383,"column":2},"end":{"line":383,"column":3}},"loc":{"start":{"line":383,"column":72},"end":{"line":385,"column":3}},"line":383},"45":{"name":"(anonymous_45)","decl":{"start":{"line":395,"column":2},"end":{"line":395,"column":3}},"loc":{"start":{"line":395,"column":73},"end":{"line":397,"column":3}},"line":395},"46":{"name":"(anonymous_46)","decl":{"start":{"line":408,"column":2},"end":{"line":408,"column":3}},"loc":{"start":{"line":408,"column":34},"end":{"line":412,"column":3}},"line":408},"47":{"name":"(anonymous_47)","decl":{"start":{"line":420,"column":2},"end":{"line":420,"column":3}},"loc":{"start":{"line":420,"column":43},"end":{"line":426,"column":3}},"line":420},"48":{"name":"(anonymous_48)","decl":{"start":{"line":434,"column":2},"end":{"line":434,"column":3}},"loc":{"start":{"line":434,"column":62},"end":{"line":440,"column":3}},"line":434},"49":{"name":"(anonymous_49)","decl":{"start":{"line":437,"column":37},"end":{"line":437,"column":38}},"loc":{"start":{"line":437,"column":46},"end":{"line":437,"column":61}},"line":437},"50":{"name":"(anonymous_50)","decl":{"start":{"line":447,"column":2},"end":{"line":447,"column":3}},"loc":{"start":{"line":447,"column":44},"end":{"line":450,"column":3}},"line":447},"51":{"name":"(anonymous_51)","decl":{"start":{"line":458,"column":2},"end":{"line":458,"column":3}},"loc":{"start":{"line":458,"column":63},"end":{"line":461,"column":3}},"line":458},"52":{"name":"(anonymous_52)","decl":{"start":{"line":468,"column":2},"end":{"line":468,"column":3}},"loc":{"start":{"line":468,"column":52},"end":{"line":471,"column":3}},"line":468},"53":{"name":"(anonymous_53)","decl":{"start":{"line":478,"column":2},"end":{"line":478,"column":3}},"loc":{"start":{"line":478,"column":40},"end":{"line":482,"column":3}},"line":478},"54":{"name":"(anonymous_54)","decl":{"start":{"line":499,"column":3},"end":{"line":499,"column":4}},"loc":{"start":{"line":499,"column":128},"end":{"line":502,"column":3}},"line":499}},"branchMap":{"0":{"loc":{"start":{"line":19,"column":4},"end":{"line":21,"column":5}},"type":"if","locations":[{"start":{"line":19,"column":4},"end":{"line":21,"column":5}},{"start":{},"end":{}}],"line":19},"1":{"loc":{"start":{"line":265,"column":4},"end":{"line":267,"column":5}},"type":"if","locations":[{"start":{"line":265,"column":4},"end":{"line":267,"column":5}},{"start":{},"end":{}}],"line":265},"2":{"loc":{"start":{"line":275,"column":4},"end":{"line":277,"column":5}},"type":"if","locations":[{"start":{"line":275,"column":4},"end":{"line":277,"column":5}},{"start":{},"end":{}}],"line":275},"3":{"loc":{"start":{"line":293,"column":4},"end":{"line":293,"column":43}},"type":"if","locations":[{"start":{"line":293,"column":4},"end":{"line":293,"column":43}},{"start":{},"end":{}}],"line":293},"4":{"loc":{"start":{"line":422,"column":4},"end":{"line":424,"column":5}},"type":"if","locations":[{"start":{"line":422,"column":4},"end":{"line":424,"column":5}},{"start":{},"end":{}}],"line":422},"5":{"loc":{"start":{"line":436,"column":4},"end":{"line":438,"column":5}},"type":"if","locations":[{"start":{"line":436,"column":4},"end":{"line":438,"column":5}},{"start":{},"end":{}}],"line":436}},"s":{"0":3,"1":2,"2":1,"3":1,"4":1,"5":1,"6":0,"7":0,"8":0,"9":0,"10":0,"11":0,"12":0,"13":0,"14":0,"15":0,"16":0,"17":0,"18":0,"19":0,"20":0,"21":0,"22":0,"23":0,"24":0,"25":0,"26":0,"27":0,"28":0,"29":0,"30":0,"31":0,"32":0,"33":0,"34":0,"35":0,"36":0,"37":0,"38":0,"39":0,"40":0,"41":0,"42":0,"43":0,"44":0,"45":0,"46":0,"47":0,"48":0,"49":0,"50":0,"51":0,"52":0,"53":0,"54":0,"55":1,"56":1,"57":0,"58":0,"59":0,"60":0,"61":0,"62":0,"63":0,"64":0,"65":0,"66":0,"67":0,"68":0,"69":0,"70":0,"71":0,"72":0,"73":0,"74":0,"75":0,"76":0,"77":0,"78":0,"79":0,"80":0,"81":0,"82":0,"83":0,"84":0,"85":0,"86":0,"87":0,"88":0,"89":0,"90":0,"91":0,"92":0,"93":0,"94":0,"95":0,"96":0,"97":0,"98":0,"99":0,"100":0,"101":0,"102":0,"103":0,"104":0,"105":0,"106":0,"107":0,"108":0,"109":0,"110":0,"111":0,"112":0,"113":0,"114":0,"115":0,"116":0,"117":0,"118":0,"119":0,"120":0,"121":0,"122":0,"123":0,"124":0,"125":0,"126":1,"127":1,"128":1,"129":2,"130":2,"131":0,"132":2,"133":0,"134":0,"135":0,"136":0,"137":0,"138":1,"139":1,"140":1,"141":1,"142":1,"143":1,"144":1,"145":1,"146":1,"147":3},"f":{"0":2,"1":1,"2":0,"3":0,"4":0,"5":0,"6":0,"7":0,"8":0,"9":0,"10":0,"11":0,"12":0,"13":0,"14":0,"15":0,"16":0,"17":0,"18":0,"19":0,"20":1,"21":0,"22":0,"23":0,"24":0,"25":0,"26":0,"27":0,"28":0,"29":0,"30":0,"31":0,"32":0,"33":0,"34":0,"35":0,"36":0,"37":0,"38":0,"39":0,"40":0,"41":0,"42":0,"43":0,"44":0,"45":0,"46":1,"47":2,"48":0,"49":0,"50":1,"51":1,"52":1,"53":1,"54":0},"b":{"0":[1,0],"1":[0,0],"2":[0,0],"3":[0,0],"4":[0,2],"5":[0,0]},"_coverageSchema":"1a1c01bbd47fc00a2c39e90264f33305004495a9","hash":"44adb37045abe79b553b5f3179d6fe8297110ec8"}
,"/home/hashed/Hashed/hashed-polkadot-api/src/model/polkadot-pallets/rbac.js": {"path":"/home/hashed/Hashed/hashed-polkadot-api/src/model/polkadot-pallets/rbac.js","statementMap":{"0":{"start":{"line":1,"column":24},"end":{"line":1,"column":53}},"1":{"start":{"line":5,"column":4},"end":{"line":5,"column":38}},"2":{"start":{"line":20,"column":19},"end":{"line":20,"column":71}},"3":{"start":{"line":21,"column":4},"end":{"line":21,"column":27}},"4":{"start":{"line":30,"column":20},"end":{"line":30,"column":71}},"5":{"start":{"line":31,"column":4},"end":{"line":31,"column":37}},"6":{"start":{"line":40,"column":18},"end":{"line":40,"column":67}},"7":{"start":{"line":41,"column":4},"end":{"line":41,"column":26}},"8":{"start":{"line":48,"column":21},"end":{"line":48,"column":71}},"9":{"start":{"line":49,"column":24},"end":{"line":49,"column":49}},"10":{"start":{"line":50,"column":4},"end":{"line":50,"column":22}},"11":{"start":{"line":60,"column":20},"end":{"line":60,"column":76}},"12":{"start":{"line":61,"column":4},"end":{"line":61,"column":35}},"13":{"start":{"line":77,"column":29},"end":{"line":77,"column":86}},"14":{"start":{"line":78,"column":4},"end":{"line":78,"column":37}},"15":{"start":{"line":86,"column":27},"end":{"line":86,"column":83}},"16":{"start":{"line":87,"column":4},"end":{"line":87,"column":42}},"17":{"start":{"line":96,"column":23},"end":{"line":96,"column":94}},"18":{"start":{"line":97,"column":4},"end":{"line":97,"column":31}},"19":{"start":{"line":105,"column":33},"end":{"line":105,"column":97}},"20":{"start":{"line":106,"column":4},"end":{"line":106,"column":48}},"21":{"start":{"line":113,"column":30},"end":{"line":113,"column":101}},"22":{"start":{"line":114,"column":4},"end":{"line":114,"column":38}},"23":{"start":{"line":124,"column":39},"end":{"line":124,"column":109}},"24":{"start":{"line":125,"column":4},"end":{"line":125,"column":54}},"25":{"start":{"line":136,"column":24},"end":{"line":136,"column":101}},"26":{"start":{"line":137,"column":4},"end":{"line":137,"column":32}},"27":{"start":{"line":148,"column":25},"end":{"line":148,"column":100}},"28":{"start":{"line":149,"column":4},"end":{"line":149,"column":33}},"29":{"start":{"line":157,"column":29},"end":{"line":157,"column":104}},"30":{"start":{"line":158,"column":4},"end":{"line":158,"column":44}},"31":{"start":{"line":161,"column":0},"end":{"line":161,"column":21}}},"fnMap":{"0":{"name":"(anonymous_0)","decl":{"start":{"line":4,"column":2},"end":{"line":4,"column":3}},"loc":{"start":{"line":4,"column":36},"end":{"line":6,"column":3}},"line":4},"1":{"name":"(anonymous_1)","decl":{"start":{"line":19,"column":2},"end":{"line":19,"column":3}},"loc":{"start":{"line":19,"column":51},"end":{"line":22,"column":3}},"line":19},"2":{"name":"(anonymous_2)","decl":{"start":{"line":29,"column":2},"end":{"line":29,"column":3}},"loc":{"start":{"line":29,"column":38},"end":{"line":32,"column":3}},"line":29},"3":{"name":"(anonymous_3)","decl":{"start":{"line":39,"column":2},"end":{"line":39,"column":3}},"loc":{"start":{"line":39,"column":45},"end":{"line":42,"column":3}},"line":39},"4":{"name":"(anonymous_4)","decl":{"start":{"line":47,"column":2},"end":{"line":47,"column":3}},"loc":{"start":{"line":47,"column":32},"end":{"line":51,"column":3}},"line":47},"5":{"name":"(anonymous_5)","decl":{"start":{"line":59,"column":2},"end":{"line":59,"column":3}},"loc":{"start":{"line":59,"column":42},"end":{"line":62,"column":3}},"line":59},"6":{"name":"(anonymous_6)","decl":{"start":{"line":76,"column":2},"end":{"line":76,"column":3}},"loc":{"start":{"line":76,"column":57},"end":{"line":79,"column":3}},"line":76},"7":{"name":"(anonymous_7)","decl":{"start":{"line":85,"column":2},"end":{"line":85,"column":3}},"loc":{"start":{"line":85,"column":46},"end":{"line":88,"column":3}},"line":85},"8":{"name":"(anonymous_8)","decl":{"start":{"line":95,"column":2},"end":{"line":95,"column":3}},"loc":{"start":{"line":95,"column":60},"end":{"line":98,"column":3}},"line":95},"9":{"name":"(anonymous_9)","decl":{"start":{"line":104,"column":2},"end":{"line":104,"column":3}},"loc":{"start":{"line":104,"column":62},"end":{"line":107,"column":3}},"line":104},"10":{"name":"(anonymous_10)","decl":{"start":{"line":112,"column":2},"end":{"line":112,"column":3}},"loc":{"start":{"line":112,"column":62},"end":{"line":115,"column":3}},"line":112},"11":{"name":"(anonymous_11)","decl":{"start":{"line":123,"column":2},"end":{"line":123,"column":3}},"loc":{"start":{"line":123,"column":55},"end":{"line":126,"column":3}},"line":123},"12":{"name":"(anonymous_12)","decl":{"start":{"line":135,"column":2},"end":{"line":135,"column":3}},"loc":{"start":{"line":135,"column":68},"end":{"line":138,"column":3}},"line":135},"13":{"name":"(anonymous_13)","decl":{"start":{"line":147,"column":2},"end":{"line":147,"column":3}},"loc":{"start":{"line":147,"column":72},"end":{"line":150,"column":3}},"line":147},"14":{"name":"(anonymous_14)","decl":{"start":{"line":156,"column":2},"end":{"line":156,"column":3}},"loc":{"start":{"line":156,"column":61},"end":{"line":159,"column":3}},"line":156}},"branchMap":{},"s":{"0":3,"1":1,"2":2,"3":2,"4":1,"5":1,"6":1,"7":1,"8":1,"9":1,"10":1,"11":1,"12":1,"13":1,"14":1,"15":1,"16":1,"17":1,"18":1,"19":1,"20":1,"21":1,"22":1,"23":1,"24":1,"25":1,"26":1,"27":1,"28":1,"29":1,"30":1,"31":3},"f":{"0":1,"1":2,"2":1,"3":1,"4":1,"5":1,"6":1,"7":1,"8":1,"9":1,"10":1,"11":1,"12":1,"13":1,"14":1},"b":{},"_coverageSchema":"1a1c01bbd47fc00a2c39e90264f33305004495a9","hash":"62510858f8d416d3ac3ac0fdfcfa7f4649f4600f"}
}
