TN:
SF:src/model/basePolkadotApi.js
FN:7,(anonymous_0)
FN:21,(anonymous_1)
FN:26,(anonymous_2)
FN:29,(anonymous_3)
FN:31,(anonymous_4)
FN:47,(anonymous_5)
FN:59,(anonymous_6)
FN:71,(anonymous_7)
FN:94,(anonymous_8)
FN:107,(anonymous_9)
FN:111,(anonymous_10)
FN:111,(anonymous_11)
FN:150,(anonymous_12)
FN:161,(anonymous_13)
FN:171,(anonymous_14)
FN:182,(anonymous_15)
FN:194,(anonymous_16)
FN:203,(anonymous_17)
FN:205,(anonymous_18)
FNF:19
FNH:2
FNDA:1,(anonymous_0)
FNDA:0,(anonymous_1)
FNDA:0,(anonymous_2)
FNDA:0,(anonymous_3)
FNDA:0,(anonymous_4)
FNDA:2,(anonymous_5)
FNDA:0,(anonymous_6)
FNDA:0,(anonymous_7)
FNDA:0,(anonymous_8)
FNDA:0,(anonymous_9)
FNDA:0,(anonymous_10)
FNDA:0,(anonymous_11)
FNDA:0,(anonymous_12)
FNDA:0,(anonymous_13)
FNDA:0,(anonymous_14)
FNDA:0,(anonymous_15)
FNDA:0,(anonymous_16)
FNDA:0,(anonymous_17)
FNDA:0,(anonymous_18)
DA:8,1
DA:9,1
DA:10,1
DA:22,0
DA:23,0
DA:26,0
DA:27,0
DA:28,0
DA:29,0
DA:31,0
DA:34,0
DA:48,2
DA:60,0
DA:72,0
DA:73,0
DA:74,0
DA:76,0
DA:77,0
DA:83,0
DA:95,0
DA:100,0
DA:101,0
DA:102,0
DA:103,0
DA:107,0
DA:108,0
DA:111,0
DA:112,0
DA:114,0
DA:115,0
DA:118,0
DA:120,0
DA:121,0
DA:122,0
DA:125,0
DA:129,0
DA:130,0
DA:131,0
DA:133,0
DA:134,0
DA:135,0
DA:136,0
DA:137,0
DA:151,0
DA:162,0
DA:172,0
DA:183,0
DA:195,0
DA:204,0
DA:205,0
DA:207,0
DA:214,0
DA:219,1
LF:53
LH:5
BRDA:28,0,0,0
BRDA:28,0,1,0
BRDA:73,1,0,0
BRDA:73,1,1,0
BRDA:76,2,0,0
BRDA:76,2,1,0
BRDA:78,3,0,0
BRDA:78,3,1,0
BRDA:80,4,0,0
BRDA:80,4,1,0
BRDA:100,5,0,0
BRDA:103,6,0,0
BRDA:103,6,1,0
BRDA:103,7,0,0
BRDA:103,7,1,0
BRDA:112,8,0,0
BRDA:112,8,1,0
BRDA:120,9,0,0
BRDA:120,9,1,0
BRDA:133,10,0,0
BRDA:133,10,1,0
BRDA:204,11,0,0
BRDA:204,11,1,0
BRF:23
BRH:0
end_of_record
TN:
SF:src/model/polkadotApi.js
FN:12,(anonymous_0)
FN:25,(anonymous_1)
FN:38,(anonymous_2)
FN:40,(anonymous_3)
FN:43,(anonymous_4)
FN:46,(anonymous_5)
FN:54,(anonymous_6)
FN:88,(anonymous_7)
FN:112,(anonymous_8)
FN:122,(anonymous_9)
FN:135,(anonymous_10)
FN:155,(anonymous_11)
FN:164,(anonymous_12)
FNF:13
FNH:5
FNDA:1,(anonymous_0)
FNDA:1,(anonymous_1)
FNDA:1,(anonymous_2)
FNDA:1,(anonymous_3)
FNDA:0,(anonymous_4)
FNDA:0,(anonymous_5)
FNDA:1,(anonymous_6)
FNDA:0,(anonymous_7)
FNDA:0,(anonymous_8)
FNDA:0,(anonymous_9)
FNDA:0,(anonymous_10)
FNDA:0,(anonymous_11)
FNDA:0,(anonymous_12)
DA:5,1
DA:6,1
DA:7,1
DA:8,1
DA:9,1
DA:13,1
DA:15,1
DA:16,1
DA:17,1
DA:26,1
DA:28,1
DA:29,1
DA:32,1
DA:33,1
DA:38,1
DA:39,1
DA:40,1
DA:41,1
DA:43,1
DA:44,0
DA:46,1
DA:47,0
DA:48,0
DA:49,0
DA:51,0
DA:54,1
DA:55,1
DA:56,1
DA:62,1
DA:70,1
DA:76,0
DA:77,0
DA:90,0
DA:91,0
DA:94,0
DA:97,0
DA:113,0
DA:124,0
DA:126,0
DA:136,0
DA:137,0
DA:142,0
DA:144,0
DA:156,0
DA:166,0
DA:168,0
DA:170,0
DA:175,1
LF:48
LH:26
BRDA:48,0,0,0
BRDA:48,0,1,0
BRDA:138,1,0,0
BRDA:138,1,1,0
BRF:4
BRH:0
end_of_record
TN:
SF:src/model/polkadot-pallets/index.js
FNF:0
FNH:0
DA:1,1
DA:2,1
DA:4,1
LF:3
LH:3
BRF:0
BRH:0
end_of_record
TN:
SF:src/model/polkadot-pallets/marketplaceApi.js
FN:6,(anonymous_0)
FN:16,(anonymous_1)
FN:33,(anonymous_2)
FN:36,(anonymous_3)
FN:52,(anonymous_4)
FN:55,(anonymous_5)
FN:62,(anonymous_6)
FN:66,(anonymous_7)
FN:81,(anonymous_8)
FN:85,(anonymous_9)
FN:92,(anonymous_10)
FN:96,(anonymous_11)
FN:97,(anonymous_12)
FN:105,(anonymous_13)
FN:105,(anonymous_14)
FN:110,(anonymous_15)
FN:118,(anonymous_16)
FN:122,(anonymous_17)
FN:130,(anonymous_18)
FN:135,(anonymous_19)
FN:156,(anonymous_20)
FN:169,(anonymous_21)
FN:176,(anonymous_22)
FN:188,(anonymous_23)
FN:189,(anonymous_24)
FN:198,(anonymous_25)
FN:201,(anonymous_26)
FN:205,(anonymous_27)
FN:220,(anonymous_28)
FN:229,(anonymous_29)
FN:234,(anonymous_30)
FN:250,(anonymous_31)
FN:262,(anonymous_32)
FN:272,(anonymous_33)
FN:287,(anonymous_34)
FN:298,(anonymous_35)
FN:303,(anonymous_36)
FN:304,(anonymous_37)
FN:312,(anonymous_38)
FN:322,(anonymous_39)
FN:324,(anonymous_40)
FNF:41
FNH:3
FNDA:1,(anonymous_0)
FNDA:1,(anonymous_1)
FNDA:0,(anonymous_2)
FNDA:0,(anonymous_3)
FNDA:0,(anonymous_4)
FNDA:0,(anonymous_5)
FNDA:0,(anonymous_6)
FNDA:0,(anonymous_7)
FNDA:0,(anonymous_8)
FNDA:0,(anonymous_9)
FNDA:0,(anonymous_10)
FNDA:0,(anonymous_11)
FNDA:0,(anonymous_12)
FNDA:0,(anonymous_13)
FNDA:0,(anonymous_14)
FNDA:0,(anonymous_15)
FNDA:0,(anonymous_16)
FNDA:0,(anonymous_17)
FNDA:0,(anonymous_18)
FNDA:0,(anonymous_19)
FNDA:1,(anonymous_20)
FNDA:0,(anonymous_21)
FNDA:0,(anonymous_22)
FNDA:0,(anonymous_23)
FNDA:0,(anonymous_24)
FNDA:0,(anonymous_25)
FNDA:0,(anonymous_26)
FNDA:0,(anonymous_27)
FNDA:0,(anonymous_28)
FNDA:0,(anonymous_29)
FNDA:0,(anonymous_30)
FNDA:0,(anonymous_31)
FNDA:0,(anonymous_32)
FNDA:0,(anonymous_33)
FNDA:0,(anonymous_34)
FNDA:0,(anonymous_35)
FNDA:0,(anonymous_36)
FNDA:0,(anonymous_37)
FNDA:0,(anonymous_38)
FNDA:0,(anonymous_39)
FNDA:0,(anonymous_40)
DA:1,1
DA:7,1
DA:17,1
DA:18,1
DA:19,1
DA:20,1
DA:22,0
DA:34,0
DA:35,0
DA:36,0
DA:37,0
DA:43,0
DA:53,0
DA:54,0
DA:55,0
DA:56,0
DA:61,0
DA:62,0
DA:63,0
DA:65,0
DA:66,0
DA:67,0
DA:68,0
DA:69,0
DA:71,0
DA:83,0
DA:84,0
DA:85,0
DA:86,0
DA:92,0
DA:94,0
DA:96,0
DA:97,0
DA:98,0
DA:105,0
DA:107,0
DA:108,0
DA:110,0
DA:111,0
DA:114,0
DA:116,0
DA:118,0
DA:119,0
DA:122,0
DA:123,0
DA:129,0
DA:130,0
DA:131,0
DA:133,0
DA:135,0
DA:136,0
DA:158,1
DA:159,1
DA:171,0
DA:173,0
DA:176,0
DA:177,0
DA:184,0
DA:187,0
DA:188,0
DA:189,0
DA:190,0
DA:197,0
DA:198,0
DA:201,0
DA:202,0
DA:205,0
DA:206,0
DA:210,0
DA:212,0
DA:213,0
DA:221,0
DA:222,0
DA:230,0
DA:231,0
DA:235,0
DA:236,0
DA:251,0
DA:252,0
DA:263,0
DA:264,0
DA:265,0
DA:266,0
DA:268,0
DA:269,0
DA:273,0
DA:274,0
DA:275,0
DA:276,0
DA:278,0
DA:288,0
DA:290,0
DA:291,0
DA:293,0
DA:295,0
DA:296,0
DA:298,0
DA:299,0
DA:301,0
DA:303,0
DA:304,0
DA:306,0
DA:310,0
DA:312,0
DA:313,0
DA:314,0
DA:322,0
DA:324,0
DA:325,0
DA:326,0
DA:327,0
DA:334,0
DA:436,1
LF:113
LH:9
BRDA:19,0,0,1
BRDA:19,0,1,0
BRDA:265,1,0,0
BRDA:265,1,1,0
BRDA:275,2,0,0
BRDA:275,2,1,0
BRDA:293,3,0,0
BRDA:293,3,1,0
BRF:8
BRH:1
end_of_record
TN:
SF:src/model/polkadot-pallets/nbvStorageApi.js
FN:4,(anonymous_0)
FN:16,(anonymous_1)
FN:29,(anonymous_2)
FN:41,(anonymous_3)
FN:54,(anonymous_4)
FN:66,(anonymous_5)
FN:77,(anonymous_6)
FN:88,(anonymous_7)
FN:99,(anonymous_8)
FN:113,(anonymous_9)
FN:127,(anonymous_10)
FN:139,(anonymous_11)
FN:150,(anonymous_12)
FN:161,(anonymous_13)
FN:172,(anonymous_14)
FN:182,(anonymous_15)
FNF:16
FNH:0
FNDA:0,(anonymous_0)
FNDA:0,(anonymous_1)
FNDA:0,(anonymous_2)
FNDA:0,(anonymous_3)
FNDA:0,(anonymous_4)
FNDA:0,(anonymous_5)
FNDA:0,(anonymous_6)
FNDA:0,(anonymous_7)
FNDA:0,(anonymous_8)
FNDA:0,(anonymous_9)
FNDA:0,(anonymous_10)
FNDA:0,(anonymous_11)
FNDA:0,(anonymous_12)
FNDA:0,(anonymous_13)
FNDA:0,(anonymous_14)
FNDA:0,(anonymous_15)
DA:1,1
DA:5,0
DA:18,0
DA:31,0
DA:42,0
DA:56,0
DA:68,0
DA:79,0
DA:90,0
DA:101,0
DA:115,0
DA:116,0
DA:128,0
DA:140,0
DA:151,0
DA:162,0
DA:173,0
DA:183,0
DA:188,1
LF:19
LH:2
BRDA:172,0,0,0
BRF:1
BRH:0
end_of_record
